{
    "meta": {
        "complete": true,
        "started_at": "2025-02-04 14:08:25.785687Z",
        "commit": "bbc20ccd96e209368350492e9cf8db535a62d1cf",
        "platform": {
            "cargo_version": "cargo 1.82.0 (8f40fc59f 2024-08-21)",
            "rustc_version": "rustc 1.82.0 (f6e511eec 2024-10-15)",
            "python_version": "3.12.3",
            "platform": "Linux-6.8.0-1016-aws-x86_64-with-glibc2.39"
        },
        "ended_at": "2025-02-04 15:10:26.917676Z",
        "elapsed_ms": 3721131,
        "ragit_version": "ragit 0.3.0-dev",
        "commit_title": "remove shots in some prompts",
        "commit_message": "There are no more few-shots in `rerank_summary` and `rerank_title`. I'm\nnot sure how good it will get. I need more tests.\n",
        "rand_seed": 0
    },
    "tests": {
        "cargo_tests": {
            "seq": 0,
            "pass": true,
            "error": null,
            "elapsed_ms": 1418183
        },
        "add_and_rm": {
            "seq": 1,
            "pass": true,
            "error": null,
            "elapsed_ms": 69460
        },
        "recover": {
            "seq": 2,
            "pass": true,
            "error": null,
            "elapsed_ms": 8589
        },
        "clone": {
            "seq": 3,
            "pass": false,
            "error": "Command '['cargo', 'run', '--release', '--', 'clone', 'http://127.0.0.1/test-user/repo1']' returned non-zero exit status 1.\nTraceback (most recent call last):\n  File \"/home/ubuntu/Documents/ci/ragit/tests/tests.py\", line 332, in <module>\n    test()\n  File \"/home/ubuntu/Documents/ci/ragit/tests/clone.py\", line 50, in clone\n    cargo_run([\"clone\", \"http://127.0.0.1/test-user/repo1\"])\n  File \"/home/ubuntu/Documents/ci/ragit/tests/utils.py\", line 61, in cargo_run\n    result = subprocess.run(args, **kwargs)\n             ^^^^^^^^^^^^^^^^^^^^^^^^^^^^^^\n  File \"/usr/lib/python3.12/subprocess.py\", line 571, in run\n    raise CalledProcessError(retcode, process.args,\nsubprocess.CalledProcessError: Command '['cargo', 'run', '--release', '--', 'clone', 'http://127.0.0.1/test-user/repo1']' returned non-zero exit status 1.\n",
            "elapsed_ms": 13659
        },
        "clone2": {
            "seq": 4,
            "pass": true,
            "error": null,
            "elapsed_ms": 381017
        },
        "cli": {
            "seq": 5,
            "pass": true,
            "error": null,
            "elapsed_ms": 7329
        },
        "many_chunks": {
            "seq": 6,
            "pass": true,
            "error": null,
            "elapsed_ms": 277924
        },
        "ls": {
            "seq": 7,
            "pass": true,
            "error": null,
            "elapsed_ms": 180004
        },
        "meta": {
            "seq": 8,
            "pass": true,
            "error": null,
            "elapsed_ms": 5418
        },
        "ii": {
            "seq": 9,
            "pass": true,
            "error": null,
            "elapsed_ms": 45763
        },
        "cat_file": {
            "seq": 10,
            "pass": true,
            "error": null,
            "elapsed_ms": 18082
        },
        "images": {
            "seq": 11,
            "pass": true,
            "error": null,
            "elapsed_ms": 6081
        },
        "markdown_reader": {
            "seq": 12,
            "pass": true,
            "error": null,
            "elapsed_ms": 10998
        },
        "csv_reader": {
            "seq": 13,
            "pass": true,
            "error": null,
            "elapsed_ms": 5933
        },
        "subdir": {
            "seq": 14,
            "pass": true,
            "error": null,
            "elapsed_ms": 16875
        },
        "tfidf": {
            "seq": 15,
            "pass": true,
            "error": null,
            "elapsed_ms": 19715
        },
        "merge": {
            "seq": 16,
            "pass": true,
            "error": null,
            "elapsed_ms": 35471
        },
        "external_bases": {
            "seq": 17,
            "pass": true,
            "error": null,
            "elapsed_ms": 68906
        },
        "end_to_end dummy": {
            "seq": 18,
            "pass": false,
            "error": "The build should have timed out\nTraceback (most recent call last):\n  File \"/home/ubuntu/Documents/ci/ragit/tests/tests.py\", line 332, in <module>\n    test()\n  File \"/home/ubuntu/Documents/ci/ragit/tests/tests.py\", line 288, in <lambda>\n    (\"end_to_end dummy\", lambda: end_to_end(test_model=\"dummy\")),\n                                 ^^^^^^^^^^^^^^^^^^^^^^^^^^^^^^\n  File \"/home/ubuntu/Documents/ci/ragit/tests/end_to_end.py\", line 78, in end_to_end\n    raise Exception(\"The build should have timed out\")\nException: The build should have timed out\n",
            "elapsed_ms": 23420
        },
        "end_to_end gpt-4o-mini": {
            "seq": 19,
            "pass": false,
            "error": "Command '['cargo', 'run', '--release', '--', 'check', '--recover']' returned non-zero exit status 1.\nTraceback (most recent call last):\n  File \"/home/ubuntu/Documents/ci/ragit/tests/tests.py\", line 332, in <module>\n    test()\n  File \"/home/ubuntu/Documents/ci/ragit/tests/tests.py\", line 289, in <lambda>\n    (\"end_to_end gpt-4o-mini\", lambda: end_to_end(test_model=\"gpt-4o-mini\")),\n                                       ^^^^^^^^^^^^^^^^^^^^^^^^^^^^^^^^^^^^\n  File \"/home/ubuntu/Documents/ci/ragit/tests/end_to_end.py\", line 80, in end_to_end\n    cargo_run([\"check\", \"--recover\"])\n  File \"/home/ubuntu/Documents/ci/ragit/tests/utils.py\", line 61, in cargo_run\n    result = subprocess.run(args, **kwargs)\n             ^^^^^^^^^^^^^^^^^^^^^^^^^^^^^^\n  File \"/usr/lib/python3.12/subprocess.py\", line 571, in run\n    raise CalledProcessError(retcode, process.args,\nsubprocess.CalledProcessError: Command '['cargo', 'run', '--release', '--', 'check', '--recover']' returned non-zero exit status 1.\n",
            "elapsed_ms": 36358
        },
        "prompts dummy": {
            "seq": 20,
            "pass": false,
            "error": "Command '['cargo', 'run', '--release', '--', 'query', \"You're looking at a source code of a command line utility. What does the main function do?\"]' returned non-zero exit status 1.\nTraceback (most recent call last):\n  File \"/home/ubuntu/Documents/ci/ragit/tests/tests.py\", line 332, in <module>\n    test()\n  File \"/home/ubuntu/Documents/ci/ragit/tests/tests.py\", line 290, in <lambda>\n    (\"prompts dummy\", lambda: prompts(test_model=\"dummy\")),\n                              ^^^^^^^^^^^^^^^^^^^^^^^^^^^\n  File \"/home/ubuntu/Documents/ci/ragit/tests/prompts.py\", line 52, in prompts\n    cargo_run([\"query\", \"You're looking at a source code of a command line utility. What does the main function do?\"])\n  File \"/home/ubuntu/Documents/ci/ragit/tests/utils.py\", line 61, in cargo_run\n    result = subprocess.run(args, **kwargs)\n             ^^^^^^^^^^^^^^^^^^^^^^^^^^^^^^\n  File \"/usr/lib/python3.12/subprocess.py\", line 571, in run\n    raise CalledProcessError(retcode, process.args,\nsubprocess.CalledProcessError: Command '['cargo', 'run', '--release', '--', 'query', \"You're looking at a source code of a command line utility. What does the main function do?\"]' returned non-zero exit status 1.\n",
            "elapsed_ms": 7887
        },
        "prompts gpt-4o-mini": {
            "seq": 21,
            "pass": false,
            "error": "Command '['cargo', 'run', '--release', '--', 'query', \"You're looking at a source code of a command line utility. What does the main function do?\"]' returned non-zero exit status 1.\nTraceback (most recent call last):\n  File \"/home/ubuntu/Documents/ci/ragit/tests/tests.py\", line 332, in <module>\n    test()\n  File \"/home/ubuntu/Documents/ci/ragit/tests/tests.py\", line 291, in <lambda>\n    (\"prompts gpt-4o-mini\", lambda: prompts(test_model=\"gpt-4o-mini\")),\n                                    ^^^^^^^^^^^^^^^^^^^^^^^^^^^^^^^^^\n  File \"/home/ubuntu/Documents/ci/ragit/tests/prompts.py\", line 46, in prompts\n    cargo_run([\"query\", \"You're looking at a source code of a command line utility. What does the main function do?\"])\n  File \"/home/ubuntu/Documents/ci/ragit/tests/utils.py\", line 61, in cargo_run\n    result = subprocess.run(args, **kwargs)\n             ^^^^^^^^^^^^^^^^^^^^^^^^^^^^^^\n  File \"/usr/lib/python3.12/subprocess.py\", line 571, in run\n    raise CalledProcessError(retcode, process.args,\nsubprocess.CalledProcessError: Command '['cargo', 'run', '--release', '--', 'query', \"You're looking at a source code of a command line utility. What does the main function do?\"]' returned non-zero exit status 1.\n",
            "elapsed_ms": 57938
        },
        "prompts claude-3.5-sonnet": {
            "seq": 22,
            "pass": false,
            "error": "Command '['cargo', 'run', '--release', '--', 'query', \"You're looking at a source code of a command line utility. What does the main function do?\"]' returned non-zero exit status 1.\nTraceback (most recent call last):\n  File \"/home/ubuntu/Documents/ci/ragit/tests/tests.py\", line 332, in <module>\n    test()\n  File \"/home/ubuntu/Documents/ci/ragit/tests/tests.py\", line 292, in <lambda>\n    (\"prompts claude-3.5-sonnet\", lambda: prompts(test_model=\"claude-3.5-sonnet\")),\n                                          ^^^^^^^^^^^^^^^^^^^^^^^^^^^^^^^^^^^^^^^\n  File \"/home/ubuntu/Documents/ci/ragit/tests/prompts.py\", line 46, in prompts\n    cargo_run([\"query\", \"You're looking at a source code of a command line utility. What does the main function do?\"])\n  File \"/home/ubuntu/Documents/ci/ragit/tests/utils.py\", line 61, in cargo_run\n    result = subprocess.run(args, **kwargs)\n             ^^^^^^^^^^^^^^^^^^^^^^^^^^^^^^\n  File \"/usr/lib/python3.12/subprocess.py\", line 571, in run\n    raise CalledProcessError(retcode, process.args,\nsubprocess.CalledProcessError: Command '['cargo', 'run', '--release', '--', 'query', \"You're looking at a source code of a command line utility. What does the main function do?\"]' returned non-zero exit status 1.\n",
            "elapsed_ms": 60305
        },
        "empty dummy": {
            "seq": 23,
            "pass": true,
            "error": null,
            "elapsed_ms": 4296
        },
        "empty gpt-4o-mini": {
            "seq": 24,
            "pass": true,
            "error": null,
            "elapsed_ms": 5281
        },
        "images2 gpt-4o-mini": {
            "seq": 25,
            "pass": true,
            "error": null,
            "elapsed_ms": 12855
        },
        "images2 claude-3.5-sonnet": {
            "seq": 26,
            "pass": true,
            "error": null,
            "elapsed_ms": 12780
        },
        "ragit_api llama3.2-11b-groq": {
            "seq": 27,
            "pass": true,
            "error": null,
            "elapsed_ms": 9177
        },
        "ragit_api command-r": {
            "seq": 28,
            "pass": false,
            "error": "Command '['cargo', 'run', '--release', '--', '--model', 'command-r', '--input', 'hello_world.pdl']' returned non-zero exit status 101.\nTraceback (most recent call last):\n  File \"/home/ubuntu/Documents/ci/ragit/tests/tests.py\", line 332, in <module>\n    test()\n  File \"/home/ubuntu/Documents/ci/ragit/tests/tests.py\", line 302, in <lambda>\n    (\"ragit_api command-r\", lambda: ragit_api(test_model=\"command-r\")),\n                                    ^^^^^^^^^^^^^^^^^^^^^^^^^^^^^^^^^\n  File \"/home/ubuntu/Documents/ci/ragit/tests/ragit_api.py\", line 9, in ragit_api\n    subprocess.run([\"cargo\", \"run\", \"--release\", '--', '--model', test_model, '--input', 'hello_world.pdl'], check=True)\n  File \"/usr/lib/python3.12/subprocess.py\", line 571, in run\n    raise CalledProcessError(retcode, process.args,\nsubprocess.CalledProcessError: Command '['cargo', 'run', '--release', '--', '--model', 'command-r', '--input', 'hello_world.pdl']' returned non-zero exit status 101.\n",
            "elapsed_ms": 414
        },
        "ragit_api phi-3-14b-ollama": {
            "seq": 29,
            "pass": false,
            "error": "Command '['cargo', 'run', '--release', '--', '--model', 'phi-3-14b-ollama', '--input', 'hello_world.pdl']' returned non-zero exit status 101.\nTraceback (most recent call last):\n  File \"/home/ubuntu/Documents/ci/ragit/tests/tests.py\", line 332, in <module>\n    test()\n  File \"/home/ubuntu/Documents/ci/ragit/tests/tests.py\", line 303, in <lambda>\n    (\"ragit_api phi-3-14b-ollama\", lambda: ragit_api(test_model=\"phi-3-14b-ollama\")),\n                                           ^^^^^^^^^^^^^^^^^^^^^^^^^^^^^^^^^^^^^^^^\n  File \"/home/ubuntu/Documents/ci/ragit/tests/ragit_api.py\", line 9, in ragit_api\n    subprocess.run([\"cargo\", \"run\", \"--release\", '--', '--model', test_model, '--input', 'hello_world.pdl'], check=True)\n  File \"/usr/lib/python3.12/subprocess.py\", line 571, in run\n    raise CalledProcessError(retcode, process.args,\nsubprocess.CalledProcessError: Command '['cargo', 'run', '--release', '--', '--model', 'phi-3-14b-ollama', '--input', 'hello_world.pdl']' returned non-zero exit status 101.\n",
            "elapsed_ms": 319
        },
        "migrate": {
            "seq": 30,
            "pass": true,
            "error": null,
            "elapsed_ms": 495361
        }
    },
    "result": {
        "total": 31,
        "complete": 31,
        "pass": 23,
        "fail": 8,
        "remaining": 0
    }
}