{
    "meta": {
        "complete": true,
        "started_at": "2025-02-02 08:02:26.189573Z",
        "commit": "9bbffcadd590b292f1031fd220f724306d6b3724",
        "platform": {
            "cargo_version": "cargo 1.82.0 (8f40fc59f 2024-08-21)",
            "rustc_version": "rustc 1.82.0 (f6e511eec 2024-10-15)",
            "python_version": "3.12.3",
            "platform": "Linux-6.8.0-1016-aws-x86_64-with-glibc2.39"
        },
        "ended_at": "2025-02-02 09:05:10.457957Z",
        "elapsed_ms": 3764268,
        "ragit_version": "ragit 0.3.0-dev",
        "commit_title": "draft multi-process build",
        "commit_message": "",
        "rand_seed": 0
    },
    "tests": {
        "cargo_tests": {
            "seq": 0,
            "pass": false,
            "error": "\n#####################\n### path: command ###\n/home/ubuntu/Documents/ci/ragit/crates/ignore: cargo test\n\n### status_code ###\n101\n\n### stdout ###\n\nrunning 1 test\ntest tests::ignore_test ... FAILED\n\nfailures:\n\n---- tests::ignore_test stdout ----\nthread 'tests::ignore_test' panicked at src/tests.rs:90:9:\n(pattern: \"ab*\" -> IgnorePattern { r: Regex(\"^([^/]+/)*ab*$\") }, path: \"a/abc\") has to match, but but doesn't\n(pattern: \"ab*\" -> IgnorePattern { r: Regex(\"^([^/]+/)*ab*$\") }, path: \"abc\") has to match, but but doesn't\n(pattern: \"*.json\" -> IgnorePattern { r: Regex(\"^([^/]+/)**\\\\.json$\") }, path: \"a.json\") has to match, but but doesn't\n(pattern: \"*.json\" -> IgnorePattern { r: Regex(\"^([^/]+/)**\\\\.json$\") }, path: \"res/a.json\") has to match, but but doesn't\n(pattern: \"/*.json\" -> IgnorePattern { r: Regex(\"^/*\\\\.json$\") }, path: \"a.json\") has to match, but but doesn't\nnote: run with `RUST_BACKTRACE=1` environment variable to display a backtrace\n\n\nfailures:\n    tests::ignore_test\n\ntest result: FAILED. 0 passed; 1 failed; 0 ignored; 0 measured; 0 filtered out; finished in 0.02s\n\n\n\n### stderr ###\n    Updating crates.io index\n     Locking 44 packages to latest compatible versions\n      Adding windows-core v0.52.0 (latest: v0.59.0)\n      Adding windows-targets v0.52.6 (latest: v0.53.0)\n      Adding windows_aarch64_gnullvm v0.52.6 (latest: v0.53.0)\n      Adding windows_aarch64_msvc v0.52.6 (latest: v0.53.0)\n      Adding windows_i686_gnu v0.52.6 (latest: v0.53.0)\n      Adding windows_i686_gnullvm v0.52.6 (latest: v0.53.0)\n      Adding windows_i686_msvc v0.52.6 (latest: v0.53.0)\n      Adding windows_x86_64_gnu v0.52.6 (latest: v0.53.0)\n      Adding windows_x86_64_gnullvm v0.52.6 (latest: v0.53.0)\n      Adding windows_x86_64_msvc v0.52.6 (latest: v0.53.0)\n   Compiling autocfg v1.4.0\n   Compiling memchr v2.7.4\n   Compiling num-traits v0.2.19\n   Compiling aho-corasick v1.1.3\n   Compiling iana-time-zone v0.1.61\n   Compiling regex-syntax v0.8.5\n   Compiling regex-automata v0.4.9\n   Compiling chrono v0.4.39\n   Compiling pathdiff v0.2.3\n   Compiling ragit-fs v0.3.0 (/home/ubuntu/Documents/ci/ragit/crates/fs)\n   Compiling regex v1.11.1\n   Compiling ragit-ignore v0.3.0 (/home/ubuntu/Documents/ci/ragit/crates/ignore)\n    Finished `test` profile [unoptimized + debuginfo] target(s) in 10.50s\n     Running unittests src/lib.rs (target/debug/deps/ragit_ignore-6a5412b4405563e3)\nerror: test failed, to rerun pass `--lib`\n\n\n\n\n#####################\n### path: command ###\n/home/ubuntu/Documents/ci/ragit/crates/ignore: cargo test --release\n\n### status_code ###\n101\n\n### stdout ###\n\nrunning 1 test\ntest tests::ignore_test ... FAILED\n\nfailures:\n\n---- tests::ignore_test stdout ----\nthread 'tests::ignore_test' panicked at src/tests.rs:90:9:\n(pattern: \"ab*\" -> IgnorePattern { r: Regex(\"^([^/]+/)*ab*$\") }, path: \"a/abc\") has to match, but but doesn't\n(pattern: \"ab*\" -> IgnorePattern { r: Regex(\"^([^/]+/)*ab*$\") }, path: \"abc\") has to match, but but doesn't\n(pattern: \"*.json\" -> IgnorePattern { r: Regex(\"^([^/]+/)**\\\\.json$\") }, path: \"a.json\") has to match, but but doesn't\n(pattern: \"*.json\" -> IgnorePattern { r: Regex(\"^([^/]+/)**\\\\.json$\") }, path: \"res/a.json\") has to match, but but doesn't\n(pattern: \"/*.json\" -> IgnorePattern { r: Regex(\"^/*\\\\.json$\") }, path: \"a.json\") has to match, but but doesn't\nnote: run with `RUST_BACKTRACE=1` environment variable to display a backtrace\n\n\nfailures:\n    tests::ignore_test\n\ntest result: FAILED. 0 passed; 1 failed; 0 ignored; 0 measured; 0 filtered out; finished in 0.00s\n\n\n\n### stderr ###\n   Compiling autocfg v1.4.0\n   Compiling memchr v2.7.4\n   Compiling num-traits v0.2.19\n   Compiling aho-corasick v1.1.3\n   Compiling regex-syntax v0.8.5\n   Compiling iana-time-zone v0.1.61\n   Compiling chrono v0.4.39\n   Compiling regex-automata v0.4.9\n   Compiling pathdiff v0.2.3\n   Compiling ragit-fs v0.3.0 (/home/ubuntu/Documents/ci/ragit/crates/fs)\n   Compiling regex v1.11.1\n   Compiling ragit-ignore v0.3.0 (/home/ubuntu/Documents/ci/ragit/crates/ignore)\n    Finished `release` profile [optimized] target(s) in 24.65s\n     Running unittests src/lib.rs (target/release/deps/ragit_ignore-ec76309b863e2fbc)\nerror: test failed, to rerun pass `--lib`\n\n\nTraceback (most recent call last):\n  File \"/home/ubuntu/Documents/ci/ragit/tests/tests.py\", line 332, in <module>\n    test()\n  File \"/home/ubuntu/Documents/ci/ragit/tests/cargo_tests.py\", line 45, in cargo_tests\n    raise Exception(\"\\n\\n\".join(errors))\nException: \n#####################\n### path: command ###\n/home/ubuntu/Documents/ci/ragit/crates/ignore: cargo test\n\n### status_code ###\n101\n\n### stdout ###\n\nrunning 1 test\ntest tests::ignore_test ... FAILED\n\nfailures:\n\n---- tests::ignore_test stdout ----\nthread 'tests::ignore_test' panicked at src/tests.rs:90:9:\n(pattern: \"ab*\" -> IgnorePattern { r: Regex(\"^([^/]+/)*ab*$\") }, path: \"a/abc\") has to match, but but doesn't\n(pattern: \"ab*\" -> IgnorePattern { r: Regex(\"^([^/]+/)*ab*$\") }, path: \"abc\") has to match, but but doesn't\n(pattern: \"*.json\" -> IgnorePattern { r: Regex(\"^([^/]+/)**\\\\.json$\") }, path: \"a.json\") has to match, but but doesn't\n(pattern: \"*.json\" -> IgnorePattern { r: Regex(\"^([^/]+/)**\\\\.json$\") }, path: \"res/a.json\") has to match, but but doesn't\n(pattern: \"/*.json\" -> IgnorePattern { r: Regex(\"^/*\\\\.json$\") }, path: \"a.json\") has to match, but but doesn't\nnote: run with `RUST_BACKTRACE=1` environment variable to display a backtrace\n\n\nfailures:\n    tests::ignore_test\n\ntest result: FAILED. 0 passed; 1 failed; 0 ignored; 0 measured; 0 filtered out; finished in 0.02s\n\n\n\n### stderr ###\n    Updating crates.io index\n     Locking 44 packages to latest compatible versions\n      Adding windows-core v0.52.0 (latest: v0.59.0)\n      Adding windows-targets v0.52.6 (latest: v0.53.0)\n      Adding windows_aarch64_gnullvm v0.52.6 (latest: v0.53.0)\n      Adding windows_aarch64_msvc v0.52.6 (latest: v0.53.0)\n      Adding windows_i686_gnu v0.52.6 (latest: v0.53.0)\n      Adding windows_i686_gnullvm v0.52.6 (latest: v0.53.0)\n      Adding windows_i686_msvc v0.52.6 (latest: v0.53.0)\n      Adding windows_x86_64_gnu v0.52.6 (latest: v0.53.0)\n      Adding windows_x86_64_gnullvm v0.52.6 (latest: v0.53.0)\n      Adding windows_x86_64_msvc v0.52.6 (latest: v0.53.0)\n   Compiling autocfg v1.4.0\n   Compiling memchr v2.7.4\n   Compiling num-traits v0.2.19\n   Compiling aho-corasick v1.1.3\n   Compiling iana-time-zone v0.1.61\n   Compiling regex-syntax v0.8.5\n   Compiling regex-automata v0.4.9\n   Compiling chrono v0.4.39\n   Compiling pathdiff v0.2.3\n   Compiling ragit-fs v0.3.0 (/home/ubuntu/Documents/ci/ragit/crates/fs)\n   Compiling regex v1.11.1\n   Compiling ragit-ignore v0.3.0 (/home/ubuntu/Documents/ci/ragit/crates/ignore)\n    Finished `test` profile [unoptimized + debuginfo] target(s) in 10.50s\n     Running unittests src/lib.rs (target/debug/deps/ragit_ignore-6a5412b4405563e3)\nerror: test failed, to rerun pass `--lib`\n\n\n\n\n#####################\n### path: command ###\n/home/ubuntu/Documents/ci/ragit/crates/ignore: cargo test --release\n\n### status_code ###\n101\n\n### stdout ###\n\nrunning 1 test\ntest tests::ignore_test ... FAILED\n\nfailures:\n\n---- tests::ignore_test stdout ----\nthread 'tests::ignore_test' panicked at src/tests.rs:90:9:\n(pattern: \"ab*\" -> IgnorePattern { r: Regex(\"^([^/]+/)*ab*$\") }, path: \"a/abc\") has to match, but but doesn't\n(pattern: \"ab*\" -> IgnorePattern { r: Regex(\"^([^/]+/)*ab*$\") }, path: \"abc\") has to match, but but doesn't\n(pattern: \"*.json\" -> IgnorePattern { r: Regex(\"^([^/]+/)**\\\\.json$\") }, path: \"a.json\") has to match, but but doesn't\n(pattern: \"*.json\" -> IgnorePattern { r: Regex(\"^([^/]+/)**\\\\.json$\") }, path: \"res/a.json\") has to match, but but doesn't\n(pattern: \"/*.json\" -> IgnorePattern { r: Regex(\"^/*\\\\.json$\") }, path: \"a.json\") has to match, but but doesn't\nnote: run with `RUST_BACKTRACE=1` environment variable to display a backtrace\n\n\nfailures:\n    tests::ignore_test\n\ntest result: FAILED. 0 passed; 1 failed; 0 ignored; 0 measured; 0 filtered out; finished in 0.00s\n\n\n\n### stderr ###\n   Compiling autocfg v1.4.0\n   Compiling memchr v2.7.4\n   Compiling num-traits v0.2.19\n   Compiling aho-corasick v1.1.3\n   Compiling regex-syntax v0.8.5\n   Compiling iana-time-zone v0.1.61\n   Compiling chrono v0.4.39\n   Compiling regex-automata v0.4.9\n   Compiling pathdiff v0.2.3\n   Compiling ragit-fs v0.3.0 (/home/ubuntu/Documents/ci/ragit/crates/fs)\n   Compiling regex v1.11.1\n   Compiling ragit-ignore v0.3.0 (/home/ubuntu/Documents/ci/ragit/crates/ignore)\n    Finished `release` profile [optimized] target(s) in 24.65s\n     Running unittests src/lib.rs (target/release/deps/ragit_ignore-ec76309b863e2fbc)\nerror: test failed, to rerun pass `--lib`\n\n\n",
            "elapsed_ms": 1409394
        },
        "add_and_rm": {
            "seq": 1,
            "pass": true,
            "error": null,
            "elapsed_ms": 69455
        },
        "recover": {
            "seq": 2,
            "pass": true,
            "error": null,
            "elapsed_ms": 8568
        },
        "clone": {
            "seq": 3,
            "pass": false,
            "error": "Command '['cargo', 'run', '--release', '--', 'clone', 'http://127.0.0.1/test-user/repo1']' returned non-zero exit status 1.\nTraceback (most recent call last):\n  File \"/home/ubuntu/Documents/ci/ragit/tests/tests.py\", line 332, in <module>\n    test()\n  File \"/home/ubuntu/Documents/ci/ragit/tests/clone.py\", line 50, in clone\n    cargo_run([\"clone\", \"http://127.0.0.1/test-user/repo1\"])\n  File \"/home/ubuntu/Documents/ci/ragit/tests/utils.py\", line 61, in cargo_run\n    result = subprocess.run(args, **kwargs)\n             ^^^^^^^^^^^^^^^^^^^^^^^^^^^^^^\n  File \"/usr/lib/python3.12/subprocess.py\", line 571, in run\n    raise CalledProcessError(retcode, process.args,\nsubprocess.CalledProcessError: Command '['cargo', 'run', '--release', '--', 'clone', 'http://127.0.0.1/test-user/repo1']' returned non-zero exit status 1.\n",
            "elapsed_ms": 12692
        },
        "clone2": {
            "seq": 4,
            "pass": true,
            "error": null,
            "elapsed_ms": 378819
        },
        "cli": {
            "seq": 5,
            "pass": true,
            "error": null,
            "elapsed_ms": 6024
        },
        "many_chunks": {
            "seq": 6,
            "pass": true,
            "error": null,
            "elapsed_ms": 277858
        },
        "ls": {
            "seq": 7,
            "pass": true,
            "error": null,
            "elapsed_ms": 179900
        },
        "meta": {
            "seq": 8,
            "pass": true,
            "error": null,
            "elapsed_ms": 5515
        },
        "ii": {
            "seq": 9,
            "pass": true,
            "error": null,
            "elapsed_ms": 45687
        },
        "cat_file": {
            "seq": 10,
            "pass": true,
            "error": null,
            "elapsed_ms": 18152
        },
        "images": {
            "seq": 11,
            "pass": true,
            "error": null,
            "elapsed_ms": 6110
        },
        "markdown_reader": {
            "seq": 12,
            "pass": true,
            "error": null,
            "elapsed_ms": 11050
        },
        "csv_reader": {
            "seq": 13,
            "pass": true,
            "error": null,
            "elapsed_ms": 5947
        },
        "subdir": {
            "seq": 14,
            "pass": true,
            "error": null,
            "elapsed_ms": 16868
        },
        "tfidf": {
            "seq": 15,
            "pass": true,
            "error": null,
            "elapsed_ms": 20026
        },
        "merge": {
            "seq": 16,
            "pass": true,
            "error": null,
            "elapsed_ms": 35461
        },
        "external_bases": {
            "seq": 17,
            "pass": true,
            "error": null,
            "elapsed_ms": 68983
        },
        "end_to_end dummy": {
            "seq": 18,
            "pass": false,
            "error": "The build should have timed out\nTraceback (most recent call last):\n  File \"/home/ubuntu/Documents/ci/ragit/tests/tests.py\", line 332, in <module>\n    test()\n  File \"/home/ubuntu/Documents/ci/ragit/tests/tests.py\", line 288, in <lambda>\n    (\"end_to_end dummy\", lambda: end_to_end(test_model=\"dummy\")),\n                                 ^^^^^^^^^^^^^^^^^^^^^^^^^^^^^^\n  File \"/home/ubuntu/Documents/ci/ragit/tests/end_to_end.py\", line 78, in end_to_end\n    raise Exception(\"The build should have timed out\")\nException: The build should have timed out\n",
            "elapsed_ms": 23346
        },
        "end_to_end gpt-4o-mini": {
            "seq": 19,
            "pass": true,
            "error": null,
            "elapsed_ms": 71929
        },
        "prompts dummy": {
            "seq": 20,
            "pass": true,
            "error": null,
            "elapsed_ms": 9249
        },
        "prompts gpt-4o-mini": {
            "seq": 21,
            "pass": true,
            "error": null,
            "elapsed_ms": 58743
        },
        "prompts claude-3.5-sonnet": {
            "seq": 22,
            "pass": true,
            "error": null,
            "elapsed_ms": 80978
        },
        "empty dummy": {
            "seq": 23,
            "pass": true,
            "error": null,
            "elapsed_ms": 4320
        },
        "empty gpt-4o-mini": {
            "seq": 24,
            "pass": true,
            "error": null,
            "elapsed_ms": 5166
        },
        "images2 gpt-4o-mini": {
            "seq": 25,
            "pass": true,
            "error": null,
            "elapsed_ms": 12234
        },
        "images2 claude-3.5-sonnet": {
            "seq": 26,
            "pass": true,
            "error": null,
            "elapsed_ms": 13113
        },
        "ragit_api llama3.2-11b-groq": {
            "seq": 27,
            "pass": true,
            "error": null,
            "elapsed_ms": 8931
        },
        "ragit_api command-r": {
            "seq": 28,
            "pass": false,
            "error": "Command '['cargo', 'run', '--release', '--', '--model', 'command-r', '--input', 'hello_world.pdl']' returned non-zero exit status 101.\nTraceback (most recent call last):\n  File \"/home/ubuntu/Documents/ci/ragit/tests/tests.py\", line 332, in <module>\n    test()\n  File \"/home/ubuntu/Documents/ci/ragit/tests/tests.py\", line 302, in <lambda>\n    (\"ragit_api command-r\", lambda: ragit_api(test_model=\"command-r\")),\n                                    ^^^^^^^^^^^^^^^^^^^^^^^^^^^^^^^^^\n  File \"/home/ubuntu/Documents/ci/ragit/tests/ragit_api.py\", line 9, in ragit_api\n    subprocess.run([\"cargo\", \"run\", \"--release\", '--', '--model', test_model, '--input', 'hello_world.pdl'], check=True)\n  File \"/usr/lib/python3.12/subprocess.py\", line 571, in run\n    raise CalledProcessError(retcode, process.args,\nsubprocess.CalledProcessError: Command '['cargo', 'run', '--release', '--', '--model', 'command-r', '--input', 'hello_world.pdl']' returned non-zero exit status 101.\n",
            "elapsed_ms": 410
        },
        "ragit_api phi-3-14b-ollama": {
            "seq": 29,
            "pass": false,
            "error": "Command '['cargo', 'run', '--release', '--', '--model', 'phi-3-14b-ollama', '--input', 'hello_world.pdl']' returned non-zero exit status 101.\nTraceback (most recent call last):\n  File \"/home/ubuntu/Documents/ci/ragit/tests/tests.py\", line 332, in <module>\n    test()\n  File \"/home/ubuntu/Documents/ci/ragit/tests/tests.py\", line 303, in <lambda>\n    (\"ragit_api phi-3-14b-ollama\", lambda: ragit_api(test_model=\"phi-3-14b-ollama\")),\n                                           ^^^^^^^^^^^^^^^^^^^^^^^^^^^^^^^^^^^^^^^^\n  File \"/home/ubuntu/Documents/ci/ragit/tests/ragit_api.py\", line 9, in ragit_api\n    subprocess.run([\"cargo\", \"run\", \"--release\", '--', '--model', test_model, '--input', 'hello_world.pdl'], check=True)\n  File \"/usr/lib/python3.12/subprocess.py\", line 571, in run\n    raise CalledProcessError(retcode, process.args,\nsubprocess.CalledProcessError: Command '['cargo', 'run', '--release', '--', '--model', 'phi-3-14b-ollama', '--input', 'hello_world.pdl']' returned non-zero exit status 101.\n",
            "elapsed_ms": 316
        },
        "migrate": {
            "seq": 30,
            "pass": true,
            "error": null,
            "elapsed_ms": 494508
        }
    },
    "result": {
        "total": 31,
        "complete": 31,
        "pass": 26,
        "fail": 5,
        "remaining": 0
    }
}