{
    "meta": {
        "complete": true,
        "started_at": "2025-03-09 12:19:57.206250Z",
        "commit": "bf63890c06cedcf14c5b05f84aae5bf6e6b98f84",
        "platform": {
            "cargo_version": "cargo 1.85.0 (d73d2caf9 2024-12-31)",
            "rustc_version": "rustc 1.85.0 (4d91de4e4 2025-02-17)",
            "python_version": "3.13.2",
            "platform": "Windows-11-10.0.26100-SP0"
        },
        "rand_seed": 202539121957,
        "ended_at": "2025-03-09 14:13:04.841105Z",
        "elapsed_ms": 6787634,
        "ragit_version": "ragit 0.3.3-dev",
        "commit_title": "fix `chunk/tests.rs`",
        "commit_message": "I found `merge_and_convert_chunks` was missing an argument.\n"
    },
    "tests": {
        "cargo_tests": {
            "seq": 0,
            "pass": false,
            "error": "\n#####################\n### path: command ###\nC:\\Users\\baehy\\ragit\\crates\\pdl: cargo test\n\n### status_code ###\n101\n\n### stdout ###\n\nrunning 4 tests\ntest schema::tests::schema_parse_test ... ok\ntest tests::messages_from_file_test ... FAILED\ntest tests::media_content_test ... ok\ntest schema::tests::schema_validate_test ... ok\n\nfailures:\n\n---- tests::messages_from_file_test stdout ----\n\nthread 'tests::messages_from_file_test' panicked at src\\lib.rs:405:11:\ncalled `Result::unwrap()` on an `Err` value: file not found: `/tmp/test_messages.tera`\nnote: run with `RUST_BACKTRACE=1` environment variable to display a backtrace\n\n\nfailures:\n    tests::messages_from_file_test\n\ntest result: FAILED. 3 passed; 1 failed; 0 ignored; 0 measured; 0 filtered out; finished in 0.01s\n\n\n\n### stderr ###\n    Updating crates.io index\n     Locking 194 packages to latest Rust 1.85.0 compatible versions\n   Compiling proc-macro2 v1.0.94\n   Compiling unicode-ident v1.0.18\n   Compiling cfg-if v1.0.0\n   Compiling memchr v2.7.4\n   Compiling autocfg v1.4.0\n   Compiling windows_x86_64_msvc v0.52.6\n   Compiling crossbeam-utils v0.8.21\n   Compiling siphasher v1.0.1\n   Compiling rand_core v0.6.4\n   Compiling log v0.4.26\n   Compiling simd-adler32 v0.3.7\n   Compiling rayon-core v1.12.1\n   Compiling regex-syntax v0.8.5\n   Compiling byteorder v1.5.0\n   Compiling once_cell v1.20.3\n   Compiling thiserror v2.0.12\n   Compiling either v1.15.0\n   Compiling getrandom v0.3.1\n   Compiling adler2 v2.0.0\n   Compiling anyhow v1.0.97\n   Compiling minimal-lexical v0.2.1\n   Compiling libc v0.2.170\n   Compiling rand v0.8.5\n   Compiling aligned-vec v0.5.0\n   Compiling phf_shared v0.11.3\n   Compiling aho-corasick v1.1.3\n   Compiling paste v1.0.15\n   Compiling thiserror v1.0.69\n   Compiling ucd-trie v0.1.7\n   Compiling phf v0.11.3\n   Compiling built v0.7.7\n   Compiling num-traits v0.2.19\n   Compiling miniz_oxide v0.8.5\n   Compiling arrayvec v0.7.6\n   Compiling nom v7.1.3\n   Compiling bstr v1.11.3\n   Compiling getrandom v0.2.15\n   Compiling phf_generator v0.11.3\n   Compiling crc32fast v1.4.2\n   Compiling zerocopy v0.8.23\n   Compiling phf_codegen v0.11.3\n   Compiling quote v1.0.39\n   Compiling regex-automata v0.4.9\n   Compiling unic-common v0.9.0\n   Compiling unic-char-range v0.9.0\n   Compiling syn v2.0.99\n   Compiling rav1e v0.7.1\n   Compiling serde v1.0.218\n   Compiling libm v0.2.11\n   Compiling crossbeam-epoch v0.9.18\n   Compiling windows-link v0.1.0\n   Compiling simd_helpers v0.1.0\n   Compiling unic-char-property v0.9.0\n   Compiling crossbeam-deque v0.8.6\n   Compiling unic-ucd-version v0.9.0\n   Compiling num-integer v0.1.46\n   Compiling v_frame v0.3.8\n   Compiling chrono v0.4.40\n   Compiling flate2 v1.1.0\n   Compiling itertools v0.12.1\n   Compiling imgref v1.11.0\n   Compiling new_debug_unreachable v1.0.6\n   Compiling num-bigint v0.4.6\n   Compiling regex v1.11.1\n   Compiling bitstream-io v2.6.0\n   Compiling noop_proc_macro v0.3.0\n   Compiling weezl v0.1.8\n   Compiling serde_json v1.0.140\n   Compiling quick-error v2.0.1\n   Compiling parse-zoneinfo v0.3.1\n   Compiling globset v0.4.16\n   Compiling loop9 v0.1.5\n   Compiling chrono-tz-build v0.3.0\n   Compiling num-rational v0.4.2\n   Compiling unic-ucd-segment v0.9.0\n   Compiling avif-serialize v0.8.3\n   Compiling fdeflate v0.3.7\n   Compiling av1-grain v0.2.3\n   Compiling zune-inflate v0.2.54\n   Compiling half v2.4.1\n   Compiling bytemuck v1.22.0\n   Compiling bit_field v0.10.2\n   Compiling color_quant v1.1.0\n   Compiling ryu v1.0.20\n   Compiling deunicode v1.6.0\n   Compiling bitflags v1.3.2\n   Compiling chrono-tz v0.9.0\n   Compiling jpeg-decoder v0.3.1\n   Compiling bitflags v2.9.0\n   Compiling zune-core v0.4.12\n   Compiling lebe v0.5.2\n   Compiling windows-targets v0.52.6\n   Compiling itoa v1.0.15\n   Compiling rgb v0.8.50\n   Compiling byteorder-lite v0.1.0\n   Compiling smallvec v1.14.0\n   Compiling zune-jpeg v0.4.14\n   Compiling slug v0.1.6\n   Compiling windows-sys v0.59.0\n   Compiling tiff v0.9.1\n   Compiling image-webp v0.2.1\n   Compiling png v0.17.16\n   Compiling rand_core v0.9.3\n   Compiling gif v0.13.1\n   Compiling qoi v0.4.1\n   Compiling rayon v1.10.0\n   Compiling zerocopy-derive v0.7.35\n   Compiling thiserror-impl v2.0.12\n   Compiling thiserror-impl v1.0.69\n   Compiling profiling-procmacros v1.0.16\n   Compiling winapi-util v0.1.9\n   Compiling arg_enum_proc_macro v0.3.4\n   Compiling num-derive v0.4.2\n   Compiling same-file v1.0.6\n   Compiling exr v1.73.0\n   Compiling unic-segment v0.9.0\n   Compiling walkdir v2.5.0\n   Compiling pathdiff v0.2.3\n   Compiling lazy_static v1.5.0\n   Compiling percent-encoding v2.3.1\n   Compiling ignore v0.4.23\n   Compiling base64 v0.22.1\n   Compiling maybe-rayon v0.1.1\n   Compiling profiling v1.0.16\n   Compiling zerocopy v0.7.35\n   Compiling globwalk v0.9.1\n   Compiling pest v2.7.15\n   Compiling humansize v2.1.3\n   Compiling ppv-lite86 v0.2.20\n   Compiling rand_chacha v0.9.0\n   Compiling rand_chacha v0.3.1\n   Compiling rand v0.9.0\n   Compiling pest_meta v2.7.15\n   Compiling ragit-fs v0.3.3 (C:\\Users\\baehy\\ragit\\crates\\fs)\n   Compiling pest_generator v2.7.15\n   Compiling pest_derive v2.7.15\n   Compiling tera v1.20.0\n   Compiling ravif v0.11.11\n   Compiling image v0.25.5\n   Compiling ragit-pdl v0.3.3 (C:\\Users\\baehy\\ragit\\crates\\pdl)\n    Finished `test` profile [unoptimized + debuginfo] target(s) in 52.04s\n     Running unittests src\\lib.rs (target\\debug\\deps\\ragit_pdl-ad2619d8da48d812.exe)\nerror: test failed, to rerun pass `--lib`\n\n\n\n\n#####################\n### path: command ###\nC:\\Users\\baehy\\ragit\\crates\\pdl: cargo test --release\n\n### status_code ###\n101\n\n### stdout ###\n\nrunning 4 tests\ntest schema::tests::schema_parse_test ... ok\ntest tests::messages_from_file_test ... FAILED\ntest tests::media_content_test ... ok\ntest schema::tests::schema_validate_test ... ok\n\nfailures:\n\n---- tests::messages_from_file_test stdout ----\n\nthread 'tests::messages_from_file_test' panicked at src\\lib.rs:405:11:\ncalled `Result::unwrap()` on an `Err` value: file not found: `/tmp/test_messages.tera`\nnote: run with `RUST_BACKTRACE=1` environment variable to display a backtrace\n\n\nfailures:\n    tests::messages_from_file_test\n\ntest result: FAILED. 3 passed; 1 failed; 0 ignored; 0 measured; 0 filtered out; finished in 0.00s\n\n\n\n### stderr ###\n   Compiling proc-macro2 v1.0.94\n   Compiling unicode-ident v1.0.18\n   Compiling cfg-if v1.0.0\n   Compiling memchr v2.7.4\n   Compiling autocfg v1.4.0\n   Compiling windows_x86_64_msvc v0.52.6\n   Compiling crossbeam-utils v0.8.21\n   Compiling thiserror v2.0.12\n   Compiling siphasher v1.0.1\n   Compiling byteorder v1.5.0\n   Compiling log v0.4.26\n   Compiling rayon-core v1.12.1\n   Compiling regex-syntax v0.8.5\n   Compiling rand_core v0.6.4\n   Compiling simd-adler32 v0.3.7\n   Compiling getrandom v0.3.1\n   Compiling anyhow v1.0.97\n   Compiling adler2 v2.0.0\n   Compiling either v1.15.0\n   Compiling libc v0.2.170\n   Compiling phf_shared v0.11.3\n   Compiling ucd-trie v0.1.7\n   Compiling thiserror v1.0.69\n   Compiling miniz_oxide v0.8.5\n   Compiling rand v0.8.5\n   Compiling aho-corasick v1.1.3\n   Compiling phf v0.11.3\n   Compiling minimal-lexical v0.2.1\n   Compiling paste v1.0.15\n   Compiling built v0.7.7\n   Compiling aligned-vec v0.5.0\n   Compiling arrayvec v0.7.6\n   Compiling num-traits v0.2.19\n   Compiling bstr v1.11.3\n   Compiling getrandom v0.2.15\n   Compiling nom v7.1.3\n   Compiling phf_generator v0.11.3\n   Compiling crc32fast v1.4.2\n   Compiling windows-targets v0.52.6\n   Compiling serde v1.0.218\n   Compiling unic-common v0.9.0\n   Compiling zerocopy v0.8.23\n   Compiling unic-char-range v0.9.0\n   Compiling libm v0.2.11\n   Compiling phf_codegen v0.11.3\n   Compiling regex-automata v0.4.9\n   Compiling windows-sys v0.59.0\n   Compiling rav1e v0.7.1\n   Compiling windows-link v0.1.0\n   Compiling quote v1.0.39\n   Compiling crossbeam-epoch v0.9.18\n   Compiling once_cell v1.20.3\n   Compiling unic-char-property v0.9.0\n   Compiling rand_core v0.9.3\n   Compiling syn v2.0.99\n   Compiling crossbeam-deque v0.8.6\n   Compiling unic-ucd-version v0.9.0\n   Compiling flate2 v1.1.0\n   Compiling itertools v0.12.1\n   Compiling simd_helpers v0.1.0\n   Compiling imgref v1.11.0\n   Compiling winapi-util v0.1.9\n   Compiling bitstream-io v2.6.0\n   Compiling weezl v0.1.8\n   Compiling new_debug_unreachable v1.0.6\n   Compiling regex v1.11.1\n   Compiling serde_json v1.0.140\n   Compiling noop_proc_macro v0.3.0\n   Compiling same-file v1.0.6\n   Compiling rayon v1.10.0\n   Compiling parse-zoneinfo v0.3.1\n   Compiling quick-error v2.0.1\n   Compiling walkdir v2.5.0\n   Compiling loop9 v0.1.5\n   Compiling unic-ucd-segment v0.9.0\n   Compiling chrono-tz-build v0.3.0\n   Compiling avif-serialize v0.8.3\n   Compiling globset v0.4.16\n   Compiling zune-inflate v0.2.54\n   Compiling fdeflate v0.3.7\n   Compiling ignore v0.4.23\n   Compiling half v2.4.1\n   Compiling chrono-tz v0.9.0\n   Compiling color_quant v1.1.0\n   Compiling itoa v1.0.15\n   Compiling lebe v0.5.2\n   Compiling bit_field v0.10.2\n   Compiling smallvec v1.14.0\n   Compiling ryu v1.0.20\n   Compiling bitflags v2.9.0\n   Compiling rgb v0.8.50\n   Compiling byteorder-lite v0.1.0\n   Compiling maybe-rayon v0.1.1\n   Compiling bytemuck v1.22.0\n   Compiling jpeg-decoder v0.3.1\n   Compiling deunicode v1.6.0\n   Compiling zune-core v0.4.12\n   Compiling bitflags v1.3.2\n   Compiling image-webp v0.2.1\n   Compiling qoi v0.4.1\n   Compiling zerocopy-derive v0.7.35\n   Compiling thiserror-impl v2.0.12\n   Compiling profiling-procmacros v1.0.16\n   Compiling thiserror-impl v1.0.69\n   Compiling arg_enum_proc_macro v0.3.4\n   Compiling num-derive v0.4.2\n   Compiling slug v0.1.6\n   Compiling png v0.17.16\n   Compiling zune-jpeg v0.4.14\n   Compiling tiff v0.9.1\n   Compiling exr v1.73.0\n   Compiling globwalk v0.9.1\n   Compiling gif v0.13.1\n   Compiling num-integer v0.1.46\n   Compiling zerocopy v0.7.35\n   Compiling v_frame v0.3.8\n   Compiling num-bigint v0.4.6\n   Compiling profiling v1.0.16\n   Compiling chrono v0.4.40\n   Compiling humansize v2.1.3\n   Compiling unic-segment v0.9.0\n   Compiling lazy_static v1.5.0\n   Compiling ppv-lite86 v0.2.20\n   Compiling percent-encoding v2.3.1\n   Compiling pest v2.7.15\n   Compiling pathdiff v0.2.3\n   Compiling base64 v0.22.1\n   Compiling rand_chacha v0.9.0\n   Compiling rand_chacha v0.3.1\n   Compiling num-rational v0.4.2\n   Compiling rand v0.9.0\n   Compiling av1-grain v0.2.3\n   Compiling pest_meta v2.7.15\n   Compiling ragit-fs v0.3.3 (C:\\Users\\baehy\\ragit\\crates\\fs)\n   Compiling pest_generator v2.7.15\n   Compiling pest_derive v2.7.15\n   Compiling tera v1.20.0\n   Compiling ravif v0.11.11\n   Compiling image v0.25.5\n   Compiling ragit-pdl v0.3.3 (C:\\Users\\baehy\\ragit\\crates\\pdl)\n    Finished `release` profile [optimized] target(s) in 1m 32s\n     Running unittests src\\lib.rs (target\\release\\deps\\ragit_pdl-b0db3966bd8643a1.exe)\nerror: test failed, to rerun pass `--lib`\n\n\nTraceback (most recent call last):\n  File \"C:\\Users\\baehy\\ragit\\tests\\tests.py\", line 504, in <module>\n    test()\n    ~~~~^^\n  File \"C:\\Users\\baehy\\ragit\\tests\\cargo_tests.py\", line 45, in cargo_tests\n    raise Exception(\"\\n\\n\".join(errors))\nException: \n#####################\n### path: command ###\nC:\\Users\\baehy\\ragit\\crates\\pdl: cargo test\n\n### status_code ###\n101\n\n### stdout ###\n\nrunning 4 tests\ntest schema::tests::schema_parse_test ... ok\ntest tests::messages_from_file_test ... FAILED\ntest tests::media_content_test ... ok\ntest schema::tests::schema_validate_test ... ok\n\nfailures:\n\n---- tests::messages_from_file_test stdout ----\n\nthread 'tests::messages_from_file_test' panicked at src\\lib.rs:405:11:\ncalled `Result::unwrap()` on an `Err` value: file not found: `/tmp/test_messages.tera`\nnote: run with `RUST_BACKTRACE=1` environment variable to display a backtrace\n\n\nfailures:\n    tests::messages_from_file_test\n\ntest result: FAILED. 3 passed; 1 failed; 0 ignored; 0 measured; 0 filtered out; finished in 0.01s\n\n\n\n### stderr ###\n    Updating crates.io index\n     Locking 194 packages to latest Rust 1.85.0 compatible versions\n   Compiling proc-macro2 v1.0.94\n   Compiling unicode-ident v1.0.18\n   Compiling cfg-if v1.0.0\n   Compiling memchr v2.7.4\n   Compiling autocfg v1.4.0\n   Compiling windows_x86_64_msvc v0.52.6\n   Compiling crossbeam-utils v0.8.21\n   Compiling siphasher v1.0.1\n   Compiling rand_core v0.6.4\n   Compiling log v0.4.26\n   Compiling simd-adler32 v0.3.7\n   Compiling rayon-core v1.12.1\n   Compiling regex-syntax v0.8.5\n   Compiling byteorder v1.5.0\n   Compiling once_cell v1.20.3\n   Compiling thiserror v2.0.12\n   Compiling either v1.15.0\n   Compiling getrandom v0.3.1\n   Compiling adler2 v2.0.0\n   Compiling anyhow v1.0.97\n   Compiling minimal-lexical v0.2.1\n   Compiling libc v0.2.170\n   Compiling rand v0.8.5\n   Compiling aligned-vec v0.5.0\n   Compiling phf_shared v0.11.3\n   Compiling aho-corasick v1.1.3\n   Compiling paste v1.0.15\n   Compiling thiserror v1.0.69\n   Compiling ucd-trie v0.1.7\n   Compiling phf v0.11.3\n   Compiling built v0.7.7\n   Compiling num-traits v0.2.19\n   Compiling miniz_oxide v0.8.5\n   Compiling arrayvec v0.7.6\n   Compiling nom v7.1.3\n   Compiling bstr v1.11.3\n   Compiling getrandom v0.2.15\n   Compiling phf_generator v0.11.3\n   Compiling crc32fast v1.4.2\n   Compiling zerocopy v0.8.23\n   Compiling phf_codegen v0.11.3\n   Compiling quote v1.0.39\n   Compiling regex-automata v0.4.9\n   Compiling unic-common v0.9.0\n   Compiling unic-char-range v0.9.0\n   Compiling syn v2.0.99\n   Compiling rav1e v0.7.1\n   Compiling serde v1.0.218\n   Compiling libm v0.2.11\n   Compiling crossbeam-epoch v0.9.18\n   Compiling windows-link v0.1.0\n   Compiling simd_helpers v0.1.0\n   Compiling unic-char-property v0.9.0\n   Compiling crossbeam-deque v0.8.6\n   Compiling unic-ucd-version v0.9.0\n   Compiling num-integer v0.1.46\n   Compiling v_frame v0.3.8\n   Compiling chrono v0.4.40\n   Compiling flate2 v1.1.0\n   Compiling itertools v0.12.1\n   Compiling imgref v1.11.0\n   Compiling new_debug_unreachable v1.0.6\n   Compiling num-bigint v0.4.6\n   Compiling regex v1.11.1\n   Compiling bitstream-io v2.6.0\n   Compiling noop_proc_macro v0.3.0\n   Compiling weezl v0.1.8\n   Compiling serde_json v1.0.140\n   Compiling quick-error v2.0.1\n   Compiling parse-zoneinfo v0.3.1\n   Compiling globset v0.4.16\n   Compiling loop9 v0.1.5\n   Compiling chrono-tz-build v0.3.0\n   Compiling num-rational v0.4.2\n   Compiling unic-ucd-segment v0.9.0\n   Compiling avif-serialize v0.8.3\n   Compiling fdeflate v0.3.7\n   Compiling av1-grain v0.2.3\n   Compiling zune-inflate v0.2.54\n   Compiling half v2.4.1\n   Compiling bytemuck v1.22.0\n   Compiling bit_field v0.10.2\n   Compiling color_quant v1.1.0\n   Compiling ryu v1.0.20\n   Compiling deunicode v1.6.0\n   Compiling bitflags v1.3.2\n   Compiling chrono-tz v0.9.0\n   Compiling jpeg-decoder v0.3.1\n   Compiling bitflags v2.9.0\n   Compiling zune-core v0.4.12\n   Compiling lebe v0.5.2\n   Compiling windows-targets v0.52.6\n   Compiling itoa v1.0.15\n   Compiling rgb v0.8.50\n   Compiling byteorder-lite v0.1.0\n   Compiling smallvec v1.14.0\n   Compiling zune-jpeg v0.4.14\n   Compiling slug v0.1.6\n   Compiling windows-sys v0.59.0\n   Compiling tiff v0.9.1\n   Compiling image-webp v0.2.1\n   Compiling png v0.17.16\n   Compiling rand_core v0.9.3\n   Compiling gif v0.13.1\n   Compiling qoi v0.4.1\n   Compiling rayon v1.10.0\n   Compiling zerocopy-derive v0.7.35\n   Compiling thiserror-impl v2.0.12\n   Compiling thiserror-impl v1.0.69\n   Compiling profiling-procmacros v1.0.16\n   Compiling winapi-util v0.1.9\n   Compiling arg_enum_proc_macro v0.3.4\n   Compiling num-derive v0.4.2\n   Compiling same-file v1.0.6\n   Compiling exr v1.73.0\n   Compiling unic-segment v0.9.0\n   Compiling walkdir v2.5.0\n   Compiling pathdiff v0.2.3\n   Compiling lazy_static v1.5.0\n   Compiling percent-encoding v2.3.1\n   Compiling ignore v0.4.23\n   Compiling base64 v0.22.1\n   Compiling maybe-rayon v0.1.1\n   Compiling profiling v1.0.16\n   Compiling zerocopy v0.7.35\n   Compiling globwalk v0.9.1\n   Compiling pest v2.7.15\n   Compiling humansize v2.1.3\n   Compiling ppv-lite86 v0.2.20\n   Compiling rand_chacha v0.9.0\n   Compiling rand_chacha v0.3.1\n   Compiling rand v0.9.0\n   Compiling pest_meta v2.7.15\n   Compiling ragit-fs v0.3.3 (C:\\Users\\baehy\\ragit\\crates\\fs)\n   Compiling pest_generator v2.7.15\n   Compiling pest_derive v2.7.15\n   Compiling tera v1.20.0\n   Compiling ravif v0.11.11\n   Compiling image v0.25.5\n   Compiling ragit-pdl v0.3.3 (C:\\Users\\baehy\\ragit\\crates\\pdl)\n    Finished `test` profile [unoptimized + debuginfo] target(s) in 52.04s\n     Running unittests src\\lib.rs (target\\debug\\deps\\ragit_pdl-ad2619d8da48d812.exe)\nerror: test failed, to rerun pass `--lib`\n\n\n\n\n#####################\n### path: command ###\nC:\\Users\\baehy\\ragit\\crates\\pdl: cargo test --release\n\n### status_code ###\n101\n\n### stdout ###\n\nrunning 4 tests\ntest schema::tests::schema_parse_test ... ok\ntest tests::messages_from_file_test ... FAILED\ntest tests::media_content_test ... ok\ntest schema::tests::schema_validate_test ... ok\n\nfailures:\n\n---- tests::messages_from_file_test stdout ----\n\nthread 'tests::messages_from_file_test' panicked at src\\lib.rs:405:11:\ncalled `Result::unwrap()` on an `Err` value: file not found: `/tmp/test_messages.tera`\nnote: run with `RUST_BACKTRACE=1` environment variable to display a backtrace\n\n\nfailures:\n    tests::messages_from_file_test\n\ntest result: FAILED. 3 passed; 1 failed; 0 ignored; 0 measured; 0 filtered out; finished in 0.00s\n\n\n\n### stderr ###\n   Compiling proc-macro2 v1.0.94\n   Compiling unicode-ident v1.0.18\n   Compiling cfg-if v1.0.0\n   Compiling memchr v2.7.4\n   Compiling autocfg v1.4.0\n   Compiling windows_x86_64_msvc v0.52.6\n   Compiling crossbeam-utils v0.8.21\n   Compiling thiserror v2.0.12\n   Compiling siphasher v1.0.1\n   Compiling byteorder v1.5.0\n   Compiling log v0.4.26\n   Compiling rayon-core v1.12.1\n   Compiling regex-syntax v0.8.5\n   Compiling rand_core v0.6.4\n   Compiling simd-adler32 v0.3.7\n   Compiling getrandom v0.3.1\n   Compiling anyhow v1.0.97\n   Compiling adler2 v2.0.0\n   Compiling either v1.15.0\n   Compiling libc v0.2.170\n   Compiling phf_shared v0.11.3\n   Compiling ucd-trie v0.1.7\n   Compiling thiserror v1.0.69\n   Compiling miniz_oxide v0.8.5\n   Compiling rand v0.8.5\n   Compiling aho-corasick v1.1.3\n   Compiling phf v0.11.3\n   Compiling minimal-lexical v0.2.1\n   Compiling paste v1.0.15\n   Compiling built v0.7.7\n   Compiling aligned-vec v0.5.0\n   Compiling arrayvec v0.7.6\n   Compiling num-traits v0.2.19\n   Compiling bstr v1.11.3\n   Compiling getrandom v0.2.15\n   Compiling nom v7.1.3\n   Compiling phf_generator v0.11.3\n   Compiling crc32fast v1.4.2\n   Compiling windows-targets v0.52.6\n   Compiling serde v1.0.218\n   Compiling unic-common v0.9.0\n   Compiling zerocopy v0.8.23\n   Compiling unic-char-range v0.9.0\n   Compiling libm v0.2.11\n   Compiling phf_codegen v0.11.3\n   Compiling regex-automata v0.4.9\n   Compiling windows-sys v0.59.0\n   Compiling rav1e v0.7.1\n   Compiling windows-link v0.1.0\n   Compiling quote v1.0.39\n   Compiling crossbeam-epoch v0.9.18\n   Compiling once_cell v1.20.3\n   Compiling unic-char-property v0.9.0\n   Compiling rand_core v0.9.3\n   Compiling syn v2.0.99\n   Compiling crossbeam-deque v0.8.6\n   Compiling unic-ucd-version v0.9.0\n   Compiling flate2 v1.1.0\n   Compiling itertools v0.12.1\n   Compiling simd_helpers v0.1.0\n   Compiling imgref v1.11.0\n   Compiling winapi-util v0.1.9\n   Compiling bitstream-io v2.6.0\n   Compiling weezl v0.1.8\n   Compiling new_debug_unreachable v1.0.6\n   Compiling regex v1.11.1\n   Compiling serde_json v1.0.140\n   Compiling noop_proc_macro v0.3.0\n   Compiling same-file v1.0.6\n   Compiling rayon v1.10.0\n   Compiling parse-zoneinfo v0.3.1\n   Compiling quick-error v2.0.1\n   Compiling walkdir v2.5.0\n   Compiling loop9 v0.1.5\n   Compiling unic-ucd-segment v0.9.0\n   Compiling chrono-tz-build v0.3.0\n   Compiling avif-serialize v0.8.3\n   Compiling globset v0.4.16\n   Compiling zune-inflate v0.2.54\n   Compiling fdeflate v0.3.7\n   Compiling ignore v0.4.23\n   Compiling half v2.4.1\n   Compiling chrono-tz v0.9.0\n   Compiling color_quant v1.1.0\n   Compiling itoa v1.0.15\n   Compiling lebe v0.5.2\n   Compiling bit_field v0.10.2\n   Compiling smallvec v1.14.0\n   Compiling ryu v1.0.20\n   Compiling bitflags v2.9.0\n   Compiling rgb v0.8.50\n   Compiling byteorder-lite v0.1.0\n   Compiling maybe-rayon v0.1.1\n   Compiling bytemuck v1.22.0\n   Compiling jpeg-decoder v0.3.1\n   Compiling deunicode v1.6.0\n   Compiling zune-core v0.4.12\n   Compiling bitflags v1.3.2\n   Compiling image-webp v0.2.1\n   Compiling qoi v0.4.1\n   Compiling zerocopy-derive v0.7.35\n   Compiling thiserror-impl v2.0.12\n   Compiling profiling-procmacros v1.0.16\n   Compiling thiserror-impl v1.0.69\n   Compiling arg_enum_proc_macro v0.3.4\n   Compiling num-derive v0.4.2\n   Compiling slug v0.1.6\n   Compiling png v0.17.16\n   Compiling zune-jpeg v0.4.14\n   Compiling tiff v0.9.1\n   Compiling exr v1.73.0\n   Compiling globwalk v0.9.1\n   Compiling gif v0.13.1\n   Compiling num-integer v0.1.46\n   Compiling zerocopy v0.7.35\n   Compiling v_frame v0.3.8\n   Compiling num-bigint v0.4.6\n   Compiling profiling v1.0.16\n   Compiling chrono v0.4.40\n   Compiling humansize v2.1.3\n   Compiling unic-segment v0.9.0\n   Compiling lazy_static v1.5.0\n   Compiling ppv-lite86 v0.2.20\n   Compiling percent-encoding v2.3.1\n   Compiling pest v2.7.15\n   Compiling pathdiff v0.2.3\n   Compiling base64 v0.22.1\n   Compiling rand_chacha v0.9.0\n   Compiling rand_chacha v0.3.1\n   Compiling num-rational v0.4.2\n   Compiling rand v0.9.0\n   Compiling av1-grain v0.2.3\n   Compiling pest_meta v2.7.15\n   Compiling ragit-fs v0.3.3 (C:\\Users\\baehy\\ragit\\crates\\fs)\n   Compiling pest_generator v2.7.15\n   Compiling pest_derive v2.7.15\n   Compiling tera v1.20.0\n   Compiling ravif v0.11.11\n   Compiling image v0.25.5\n   Compiling ragit-pdl v0.3.3 (C:\\Users\\baehy\\ragit\\crates\\pdl)\n    Finished `release` profile [optimized] target(s) in 1m 32s\n     Running unittests src\\lib.rs (target\\release\\deps\\ragit_pdl-b0db3966bd8643a1.exe)\nerror: test failed, to rerun pass `--lib`\n\n\n",
            "elapsed_ms": 832118
        },
        "add_and_rm": {
            "seq": 1,
            "pass": true,
            "error": null,
            "elapsed_ms": 152394
        },
        "add_and_rm2": {
            "seq": 2,
            "pass": true,
            "error": null,
            "elapsed_ms": 43498
        },
        "ignore": {
            "seq": 3,
            "pass": true,
            "error": null,
            "elapsed_ms": 15388
        },
        "recover": {
            "seq": 4,
            "pass": true,
            "error": null,
            "elapsed_ms": 14908
        },
        "clone": {
            "seq": 5,
            "pass": true,
            "error": null,
            "elapsed_ms": 180013
        },
        "clone2": {
            "seq": 6,
            "pass": true,
            "error": null,
            "elapsed_ms": 25095
        },
        "server": {
            "seq": 7,
            "pass": false,
            "error": "\nTraceback (most recent call last):\n  File \"C:\\Users\\baehy\\ragit\\tests\\tests.py\", line 504, in <module>\n    test()\n    ~~~~^^\n  File \"C:\\Users\\baehy\\ragit\\tests\\server.py\", line 42, in server\n    index_json = request_json(\"index\")\n  File \"C:\\Users\\baehy\\ragit\\tests\\server.py\", line 122, in request_json\n    assert response.status_code == 200\n           ^^^^^^^^^^^^^^^^^^^^^^^^^^^\nAssertionError\n",
            "elapsed_ms": 11213
        },
        "cli": {
            "seq": 8,
            "pass": true,
            "error": null,
            "elapsed_ms": 18143
        },
        "archive": {
            "seq": 9,
            "pass": true,
            "error": null,
            "elapsed_ms": 891799
        },
        "many_chunks": {
            "seq": 10,
            "pass": true,
            "error": null,
            "elapsed_ms": 1355546
        },
        "many_jobs": {
            "seq": 11,
            "pass": false,
            "error": "Command '['cargo', 'run', '--release', '--', 'build', '--jobs=999']' returned non-zero exit status 1.\nTraceback (most recent call last):\n  File \"C:\\Users\\baehy\\ragit\\tests\\tests.py\", line 504, in <module>\n    test()\n    ~~~~^^\n  File \"C:\\Users\\baehy\\ragit\\tests\\many_jobs.py\", line 39, in many_jobs\n    cargo_run([\"build\", f\"--jobs={jobs}\"], timeout=2 + randint(0, 5) / 10)\n    ~~~~~~~~~^^^^^^^^^^^^^^^^^^^^^^^^^^^^^^^^^^^^^^^^^^^^^^^^^^^^^^^^^^^^^\n  File \"C:\\Users\\baehy\\ragit\\tests\\utils.py\", line 66, in cargo_run\n    result = subprocess.run(args, **kwargs)\n  File \"C:\\Program Files\\WindowsApps\\PythonSoftwareFoundation.Python.3.13_3.13.752.0_x64__qbz5n2kfra8p0\\Lib\\subprocess.py\", line 579, in run\n    raise CalledProcessError(retcode, process.args,\n                             output=stdout, stderr=stderr)\nsubprocess.CalledProcessError: Command '['cargo', 'run', '--release', '--', 'build', '--jobs=999']' returned non-zero exit status 1.\n",
            "elapsed_ms": 5600
        },
        "ls": {
            "seq": 12,
            "pass": true,
            "error": null,
            "elapsed_ms": 222682
        },
        "meta": {
            "seq": 13,
            "pass": true,
            "error": null,
            "elapsed_ms": 6820
        },
        "symlink": {
            "seq": 14,
            "pass": false,
            "error": "[WinError 1314] A required privilege is not held by the client: 'x.py' -> 'y.py'\nTraceback (most recent call last):\n  File \"C:\\Users\\baehy\\ragit\\tests\\tests.py\", line 504, in <module>\n    test()\n    ~~~~^^\n  File \"C:\\Users\\baehy\\ragit\\tests\\symlink.py\", line 19, in symlink\n    os.symlink(\"x.py\", \"y.py\")\n    ~~~~~~~~~~^^^^^^^^^^^^^^^^\nOSError: [WinError 1314] A required privilege is not held by the client: 'x.py' -> 'y.py'\n",
            "elapsed_ms": 15
        },
        "ii": {
            "seq": 15,
            "pass": false,
            "error": "tfidf result on term 'as main block remov option' is not close enough. error: `answer[0] not in approximation`, answer: ['a22fda55e074c26719a2d367c5c0137d96f053f77af153e20000000100000200', '52fe3c596e25c48f41a91453b576e0150bcf17205a6e56b20000000100000200', 'b73e996333b79fbf911735338b70390fe4abc83f67539c7d0000000100000200', 'ec56952e221ffb71bc962985c228969940dab25a05f7c3850000000100000200', '7a70b75982d956b641f56bc0aa6a35ebd5f7568df385c4270000000100000205', '98064535da7388bcd3c19ff6c41ad1b5777cd56d2ae30156000000010000020a', '580d858429d4d61fe01e202542e38c200b39e79f82e7c4690000000100000200', '9df46658ae6790b47ad5ebb6f093d3b527627624d0a56f850000000100000207', '4117f311bd6f29317ed450a2956432ef0bf5531f3f5b1cd70000000100000200', '62c78acea756eed72e84f507145a971f3853109aaefd91db0000000100000208'], approximation: ['4117f311bd6f29317ed450a2956432ef0bf5531f3f5b1cd70000000100000200', '9a87c1921249d714e7f0d58ee49e7e3c9c6281adb49eba000000000100000202', '62c78acea756eed72e84f507145a971f3853109aaefd91db0000000100000208', 'adfb24771b4ac7d094152caffb5ff61e8b0efc247e1a075d0000000100000234', 'f0129a3ad744599babfd59ff5cf969fc2839e147a2efa2f50000000100000206', '9df46658ae6790b47ad5ebb6f093d3b527627624d0a56f850000000100000207', '0fd2d345e2c138a11de074845ba5845016cbed5eb0a5ac62000000010000020d', '580d858429d4d61fe01e202542e38c200b39e79f82e7c4690000000100000200', '2856505aef3aa73312457da853a872d585d3747ccabca2160000000100000200', 'c9ad3335bdbfca546d5de6dbc6ca6f9a4e56b03edd77c0430000000100000200']\nTraceback (most recent call last):\n  File \"C:\\Users\\baehy\\ragit\\tests\\ii.py\", line 100, in ii_worker\n    raise AssertionError(f\"answer[{i}] not in approximation\")\nAssertionError: answer[0] not in approximation\n\nDuring handling of the above exception, another exception occurred:\n\nTraceback (most recent call last):\n  File \"C:\\Users\\baehy\\ragit\\tests\\tests.py\", line 504, in <module>\n    test()\n    ~~~~^^\n  File \"C:\\Users\\baehy\\ragit\\tests\\ii.py\", line 36, in ii\n    ii_worker()\n    ~~~~~~~~~^^\n  File \"C:\\Users\\baehy\\ragit\\tests\\ii.py\", line 116, in ii_worker\n    raise AssertionError(f\"tfidf result on term '{term}' is not close enough. error: `{e}`, answer: {answer}, approximation: {approximation}\")\nAssertionError: tfidf result on term 'as main block remov option' is not close enough. error: `answer[0] not in approximation`, answer: ['a22fda55e074c26719a2d367c5c0137d96f053f77af153e20000000100000200', '52fe3c596e25c48f41a91453b576e0150bcf17205a6e56b20000000100000200', 'b73e996333b79fbf911735338b70390fe4abc83f67539c7d0000000100000200', 'ec56952e221ffb71bc962985c228969940dab25a05f7c3850000000100000200', '7a70b75982d956b641f56bc0aa6a35ebd5f7568df385c4270000000100000205', '98064535da7388bcd3c19ff6c41ad1b5777cd56d2ae30156000000010000020a', '580d858429d4d61fe01e202542e38c200b39e79f82e7c4690000000100000200', '9df46658ae6790b47ad5ebb6f093d3b527627624d0a56f850000000100000207', '4117f311bd6f29317ed450a2956432ef0bf5531f3f5b1cd70000000100000200', '62c78acea756eed72e84f507145a971f3853109aaefd91db0000000100000208'], approximation: ['4117f311bd6f29317ed450a2956432ef0bf5531f3f5b1cd70000000100000200', '9a87c1921249d714e7f0d58ee49e7e3c9c6281adb49eba000000000100000202', '62c78acea756eed72e84f507145a971f3853109aaefd91db0000000100000208', 'adfb24771b4ac7d094152caffb5ff61e8b0efc247e1a075d0000000100000234', 'f0129a3ad744599babfd59ff5cf969fc2839e147a2efa2f50000000100000206', '9df46658ae6790b47ad5ebb6f093d3b527627624d0a56f850000000100000207', '0fd2d345e2c138a11de074845ba5845016cbed5eb0a5ac62000000010000020d', '580d858429d4d61fe01e202542e38c200b39e79f82e7c4690000000100000200', '2856505aef3aa73312457da853a872d585d3747ccabca2160000000100000200', 'c9ad3335bdbfca546d5de6dbc6ca6f9a4e56b03edd77c0430000000100000200']\n",
            "elapsed_ms": 75559
        },
        "cat_file": {
            "seq": 16,
            "pass": false,
            "error": "\nTraceback (most recent call last):\n  File \"C:\\Users\\baehy\\ragit\\tests\\tests.py\", line 504, in <module>\n    test()\n    ~~~~^^\n  File \"C:\\Users\\baehy\\ragit\\tests\\cat_file.py\", line 42, in cat_file\n    assert content == content_json\n           ^^^^^^^^^^^^^^^^^^^^^^^\nAssertionError\n",
            "elapsed_ms": 14613
        },
        "images": {
            "seq": 17,
            "pass": true,
            "error": null,
            "elapsed_ms": 8157
        },
        "markdown_reader": {
            "seq": 18,
            "pass": true,
            "error": null,
            "elapsed_ms": 12443
        },
        "csv_reader": {
            "seq": 19,
            "pass": true,
            "error": null,
            "elapsed_ms": 7166
        },
        "subdir": {
            "seq": 20,
            "pass": true,
            "error": null,
            "elapsed_ms": 22664
        },
        "tfidf": {
            "seq": 21,
            "pass": true,
            "error": null,
            "elapsed_ms": 24781
        },
        "merge": {
            "seq": 22,
            "pass": true,
            "error": null,
            "elapsed_ms": 50164
        },
        "external_bases": {
            "seq": 23,
            "pass": true,
            "error": null,
            "elapsed_ms": 85492
        },
        "end_to_end dummy": {
            "seq": 24,
            "pass": true,
            "error": null,
            "elapsed_ms": 171432
        },
        "end_to_end llama3.3-70b": {
            "seq": 25,
            "pass": true,
            "error": null,
            "elapsed_ms": 1175184
        },
        "audit llama3.3-70b": {
            "seq": 26,
            "pass": true,
            "error": null,
            "elapsed_ms": 13507
        },
        "prompts dummy": {
            "seq": 27,
            "pass": true,
            "error": null,
            "elapsed_ms": 9088
        },
        "prompts gpt-4o-mini": {
            "seq": 28,
            "pass": true,
            "error": null,
            "elapsed_ms": 44417
        },
        "prompts claude-3.5-sonnet": {
            "seq": 29,
            "pass": true,
            "error": null,
            "elapsed_ms": 72176
        },
        "empty dummy": {
            "seq": 30,
            "pass": true,
            "error": null,
            "elapsed_ms": 8713
        },
        "empty llama3.3-70b": {
            "seq": 31,
            "pass": true,
            "error": null,
            "elapsed_ms": 10121
        },
        "server2 dummy": {
            "seq": 32,
            "pass": false,
            "error": "Command '['cargo', 'run', '--release', '--', 'push', '--configs', '--remote=http://127.0.0.1/test-user/sample1']' returned non-zero exit status 1.\nTraceback (most recent call last):\n  File \"C:\\Users\\baehy\\ragit\\tests\\tests.py\", line 504, in <module>\n    test()\n    ~~~~^^\n  File \"C:\\Users\\baehy\\ragit\\tests\\tests.py\", line 457, in <lambda>\n    (\"server2 dummy\", lambda: server2(test_model=\"dummy\")),\n                              ~~~~~~~^^^^^^^^^^^^^^^^^^^^\n  File \"C:\\Users\\baehy\\ragit\\tests\\server2.py\", line 35, in server2\n    cargo_run([\"push\", \"--configs\", \"--remote=http://127.0.0.1/test-user/sample1\"])\n    ~~~~~~~~~^^^^^^^^^^^^^^^^^^^^^^^^^^^^^^^^^^^^^^^^^^^^^^^^^^^^^^^^^^^^^^^^^^^^^^\n  File \"C:\\Users\\baehy\\ragit\\tests\\utils.py\", line 66, in cargo_run\n    result = subprocess.run(args, **kwargs)\n  File \"C:\\Program Files\\WindowsApps\\PythonSoftwareFoundation.Python.3.13_3.13.752.0_x64__qbz5n2kfra8p0\\Lib\\subprocess.py\", line 579, in run\n    raise CalledProcessError(retcode, process.args,\n                             output=stdout, stderr=stderr)\nsubprocess.CalledProcessError: Command '['cargo', 'run', '--release', '--', 'push', '--configs', '--remote=http://127.0.0.1/test-user/sample1']' returned non-zero exit status 1.\n",
            "elapsed_ms": 8168
        },
        "server2 llama3.3-70b": {
            "seq": 33,
            "pass": true,
            "error": null,
            "elapsed_ms": 25595
        },
        "images2 gpt-4o-mini": {
            "seq": 34,
            "pass": false,
            "error": "'charmap' codec can't decode byte 0x8d in position 40: character maps to <undefined>\nTraceback (most recent call last):\n  File \"C:\\Users\\baehy\\ragit\\tests\\tests.py\", line 504, in <module>\n    test()\n    ~~~~^^\n  File \"C:\\Users\\baehy\\ragit\\tests\\tests.py\", line 459, in <lambda>\n    (\"images2 gpt-4o-mini\", lambda: images2(test_model=\"gpt-4o-mini\")),\n                                    ~~~~~~~^^^^^^^^^^^^^^^^^^^^^^^^^^\n  File \"C:\\Users\\baehy\\ragit\\tests\\images2.py\", line 38, in images2\n    j = json.load(f)\n  File \"C:\\Program Files\\WindowsApps\\PythonSoftwareFoundation.Python.3.13_3.13.752.0_x64__qbz5n2kfra8p0\\Lib\\json\\__init__.py\", line 293, in load\n    return loads(fp.read(),\n                 ~~~~~~~^^\n  File \"C:\\Program Files\\WindowsApps\\PythonSoftwareFoundation.Python.3.13_3.13.752.0_x64__qbz5n2kfra8p0\\Lib\\encodings\\cp1252.py\", line 23, in decode\n    return codecs.charmap_decode(input,self.errors,decoding_table)[0]\n           ~~~~~~~~~~~~~~~~~~~~~^^^^^^^^^^^^^^^^^^^^^^^^^^^^^^^^^^\nUnicodeDecodeError: 'charmap' codec can't decode byte 0x8d in position 40: character maps to <undefined>\n",
            "elapsed_ms": 11582
        },
        "images3 gpt-4o-mini": {
            "seq": 35,
            "pass": true,
            "error": null,
            "elapsed_ms": 14915
        },
        "web_images gpt-4o-mini": {
            "seq": 36,
            "pass": true,
            "error": null,
            "elapsed_ms": 26640
        },
        "images2 claude-3.5-sonnet": {
            "seq": 37,
            "pass": true,
            "error": null,
            "elapsed_ms": 13332
        },
        "extract_keywords dummy": {
            "seq": 38,
            "pass": true,
            "error": null,
            "elapsed_ms": 3688
        },
        "extract_keywords gpt-4o-mini": {
            "seq": 39,
            "pass": true,
            "error": null,
            "elapsed_ms": 11099
        },
        "orphan_process llama3.3-70b": {
            "seq": 40,
            "pass": true,
            "error": null,
            "elapsed_ms": 113302
        },
        "write_lock llama3.3-70b": {
            "seq": 41,
            "pass": true,
            "error": null,
            "elapsed_ms": 87360
        },
        "ragit_api command-r": {
            "seq": 42,
            "pass": false,
            "error": "Command '['cargo', 'run', '--release', '--', '--model', 'command-r', '--input', 'hello_world.pdl']' returned non-zero exit status 101.\nTraceback (most recent call last):\n  File \"C:\\Users\\baehy\\ragit\\tests\\tests.py\", line 504, in <module>\n    test()\n    ~~~~^^\n  File \"C:\\Users\\baehy\\ragit\\tests\\tests.py\", line 470, in <lambda>\n    (\"ragit_api command-r\", lambda: ragit_api(test_model=\"command-r\")),\n                                    ~~~~~~~~~^^^^^^^^^^^^^^^^^^^^^^^^\n  File \"C:\\Users\\baehy\\ragit\\tests\\ragit_api.py\", line 11, in ragit_api\n    subprocess.run([\"cargo\", \"run\", \"--release\", '--', '--model', test_model, '--input', 'hello_world.pdl'], check=True)\n    ~~~~~~~~~~~~~~^^^^^^^^^^^^^^^^^^^^^^^^^^^^^^^^^^^^^^^^^^^^^^^^^^^^^^^^^^^^^^^^^^^^^^^^^^^^^^^^^^^^^^^^^^^^^^^^^^^^^^\n  File \"C:\\Program Files\\WindowsApps\\PythonSoftwareFoundation.Python.3.13_3.13.752.0_x64__qbz5n2kfra8p0\\Lib\\subprocess.py\", line 579, in run\n    raise CalledProcessError(retcode, process.args,\n                             output=stdout, stderr=stderr)\nsubprocess.CalledProcessError: Command '['cargo', 'run', '--release', '--', '--model', 'command-r', '--input', 'hello_world.pdl']' returned non-zero exit status 101.\n",
            "elapsed_ms": 16446
        },
        "models_init": {
            "seq": 43,
            "pass": true,
            "error": null,
            "elapsed_ms": 2979
        },
        "test_home_config_override": {
            "seq": 44,
            "pass": false,
            "error": "Expected model 'gpt-4o', got 'llama3.3-70b-groq'\nTraceback (most recent call last):\n  File \"C:\\Users\\baehy\\ragit\\tests\\tests.py\", line 504, in <module>\n    test()\n    ~~~~^^\n  File \"C:\\Users\\baehy\\ragit\\tests\\models_init.py\", line 225, in test_home_config_override\n    assert api_json.get('model') == home_api_json['model'], f\"Expected model '{home_api_json['model']}', got '{api_json.get('model')}'\"\n           ^^^^^^^^^^^^^^^^^^^^^^^^^^^^^^^^^^^^^^^^^^^^^^^\nAssertionError: Expected model 'gpt-4o', got 'llama3.3-70b-groq'\n",
            "elapsed_ms": 1545
        },
        "migrate": {
            "seq": 45,
            "pass": true,
            "error": null,
            "elapsed_ms": 312278
        },
        "migrate2": {
            "seq": 46,
            "pass": true,
            "error": null,
            "elapsed_ms": 353229
        }
    },
    "result": {
        "total": 47,
        "complete": 47,
        "pass": 37,
        "fail": 10,
        "remaining": 0
    }
}