{
    "meta": {
        "complete": true,
        "started_at": "2025-03-08 12:57:32.943292Z",
        "commit": "98a44e386a1ac2666d515bbbfc37c785dd414f9f",
        "platform": {
            "cargo_version": "cargo 1.85.0 (d73d2caf9 2024-12-31)",
            "rustc_version": "rustc 1.85.0 (4d91de4e4 2025-02-17)",
            "python_version": "3.10.12",
            "platform": "Linux-5.15.0-133-generic-x86_64-with-glibc2.35"
        },
        "rand_seed": 202538125732,
        "ended_at": "2025-03-08 13:37:45.309833Z",
        "elapsed_ms": 2412366,
        "ragit_version": "ragit 0.3.3-dev",
        "commit_title": "fix `ragit-server`",
        "commit_message": "I changed the signature of `merge_and_convert_chunks`, but forgot to\nedit its callsite in `ragit-server/src/methods/get.rs`.\n"
    },
    "tests": {
        "cargo_tests": {
            "seq": 0,
            "pass": false,
            "error": "\n#####################\n### path: command ###\n/home/baehyunsol/Documents/ragit: cargo test\n\n### status_code ###\n101\n\n### stdout ###\n\n\n### stderr ###\n   Compiling proc-macro2 v1.0.94\n   Compiling unicode-ident v1.0.18\n   Compiling cfg-if v1.0.0\n   Compiling autocfg v1.4.0\n   Compiling libc v0.2.170\n   Compiling memchr v2.7.4\n   Compiling crossbeam-utils v0.8.21\n   Compiling pin-project-lite v0.2.16\n   Compiling once_cell v1.20.3\n   Compiling futures-core v0.3.31\n   Compiling smallvec v1.14.0\n   Compiling futures-io v0.3.31\n   Compiling bitflags v2.9.0\n   Compiling siphasher v1.0.1\n   Compiling value-bag v1.10.0\n   Compiling stable_deref_trait v1.2.0\n   Compiling itoa v1.0.15\n   Compiling rand_core v0.6.4\n   Compiling bytes v1.10.1\n   Compiling futures-sink v0.3.31\n   Compiling parking_lot_core v0.9.10\n   Compiling shlex v1.3.0\n   Compiling scopeguard v1.2.0\n   Compiling pkg-config v0.3.32\n   Compiling vcpkg v0.2.15\n   Compiling parking v2.2.1\n   Compiling byteorder v1.5.0\n   Compiling pin-utils v0.1.0\n   Compiling fnv v1.0.7\n   Compiling thiserror v2.0.12\n   Compiling serde v1.0.218\n   Compiling futures-task v0.3.31\n   Compiling writeable v0.5.5\n   Compiling regex-syntax v0.8.5\n   Compiling litemap v0.7.5\n   Compiling rayon-core v1.12.1\n   Compiling phf_shared v0.11.3\n   Compiling tracing-core v0.1.33\n   Compiling atomic-waker v1.1.2\n   Compiling simd-adler32 v0.3.7\n   Compiling futures-channel v0.3.31\n   Compiling either v1.15.0\n   Compiling rand v0.8.5\n   Compiling minimal-lexical v0.2.1\n   Compiling cc v1.2.16\n   Compiling log v0.4.26\n   Compiling rustix v0.38.44\n   Compiling getrandom v0.3.1\n   Compiling linux-raw-sys v0.4.15\n   Compiling adler2 v2.0.0\n   Compiling icu_locid_transform_data v1.5.0\n   Compiling fastrand v2.3.0\n   Compiling anyhow v1.0.97\n   Compiling phf v0.11.3\n   Compiling miniz_oxide v0.8.5\n   Compiling paste v1.0.15\n   Compiling version_check v0.9.5\n   Compiling openssl v0.10.71\n   Compiling num-traits v0.2.19\n   Compiling slab v0.4.9\n   Compiling lock_api v0.4.12\n   Compiling built v0.7.7\n   Compiling aligned-vec v0.5.0\n   Compiling tracing v0.1.41\n   Compiling hashbrown v0.15.2\n   Compiling zerocopy v0.8.23\n   Compiling iana-time-zone v0.1.61\n   Compiling ucd-trie v0.1.7\n   Compiling typenum v1.18.0\n   Compiling arrayvec v0.7.6\n   Compiling httparse v1.10.1\n   Compiling foreign-types-shared v0.1.1\n   Compiling http v1.2.0\n   Compiling percent-encoding v2.3.1\n   Compiling icu_properties_data v1.5.0\n   Compiling thiserror v1.0.69\n   Compiling aho-corasick v1.1.3\n   Compiling crossbeam-epoch v0.9.18\n   Compiling phf_generator v0.11.3\n   Compiling concurrent-queue v2.5.0\n   Compiling nom v7.1.3\n   Compiling equivalent v1.0.2\n   Compiling ryu v1.0.20\n   Compiling bstr v1.11.3\n   Compiling phf_codegen v0.11.3\n   Compiling rav1e v0.7.1\n   Compiling generic-array v0.14.7\n   Compiling quote v1.0.39\n   Compiling foreign-types v0.3.2\n   Compiling event-listener v5.4.0\n   Compiling futures-lite v2.6.0\n   Compiling crc32fast v1.4.2\n   Compiling unic-char-range v0.9.0\n   Compiling same-file v1.0.6\n   Compiling crossbeam-deque v0.8.6\n   Compiling native-tls v0.2.14\n   Compiling write16 v1.0.0\n   Compiling unic-common v0.9.0\n   Compiling utf16_iter v1.0.5\n   Compiling libm v0.2.11\n   Compiling try-lock v0.2.5\n   Compiling syn v2.0.99\n   Compiling utf8_iter v1.0.4\n   Compiling icu_normalizer_data v1.5.0\n   Compiling unic-ucd-version v0.9.0\n   Compiling flate2 v1.1.0\n   Compiling want v0.3.1\n   Compiling walkdir v2.5.0\n   Compiling unic-char-property v0.9.0\n   Compiling itertools v0.12.1\n   Compiling tower-service v0.3.3\n   Compiling event-listener-strategy v0.5.3\n   Compiling simd_helpers v0.1.0\n   Compiling bitstream-io v2.6.0\n   Compiling unicase v2.8.1\n   Compiling new_debug_unreachable v1.0.6\n   Compiling serde_json v1.0.140\n   Compiling quick-error v2.0.1\n   Compiling indexmap v2.7.1\n   Compiling async-task v4.7.1\n   Compiling openssl-probe v0.1.6\n   Compiling imgref v1.11.0\n   Compiling noop_proc_macro v0.3.0\n   Compiling weezl v0.1.8\n   Compiling utf8parse v0.2.2\n   Compiling anstyle-parse v0.2.6\n   Compiling mime_guess v2.0.5\n   Compiling async-channel v2.3.1\n   Compiling http-body v1.0.1\n   Compiling loop9 v0.1.5\n   Compiling async-lock v3.4.0\n   Compiling unic-ucd-segment v0.9.0\n   Compiling avif-serialize v0.8.3\n   Compiling form_urlencoded v1.2.1\n   Compiling piper v0.2.4\n   Compiling fdeflate v0.3.7\n   Compiling num-integer v0.1.46\n   Compiling chrono v0.4.40\n   Compiling v_frame v0.3.8\n   Compiling rayon v1.10.0\n   Compiling zune-inflate v0.2.54\n   Compiling half v2.4.1\n   Compiling bytemuck v1.22.0\n   Compiling is_terminal_polyfill v1.70.1\n   Compiling colorchoice v1.0.3\n   Compiling deunicode v1.6.0\n   Compiling bit_field v0.10.2\n   Compiling num-bigint v0.4.6\n   Compiling regex-automata v0.4.9\n   Compiling bitflags v1.3.2\n   Compiling jpeg-decoder v0.3.1\n   Compiling cfg_aliases v0.2.1\n   Compiling anstyle-query v1.1.2\n   Compiling pathdiff v0.2.3\n   Compiling byteorder-lite v0.1.0\n   Compiling lebe v0.5.2\n   Compiling anstyle v1.0.10\n   Compiling rgb v0.8.50\n   Compiling color_quant v1.1.0\n   Compiling zune-core v0.4.12\n   Compiling lazy_static v1.5.0\n   Compiling png v0.17.16\n   Compiling slug v0.1.6\n   Compiling openssl-sys v0.9.106\n   Compiling anstream v0.6.18\n   Compiling gif v0.13.1\n   Compiling humansize v2.1.3\n   Compiling exr v1.73.0\n   Compiling qoi v0.4.1\n   Compiling zune-jpeg v0.4.14\n   Compiling nix v0.29.0\n   Compiling unic-segment v0.9.0\n   Compiling blocking v1.6.1\n   Compiling async-executor v1.13.1\n   Compiling terminfo v0.9.0\n   Compiling image-webp v0.2.1\n   Compiling sync_wrapper v1.0.2\n   Compiling mime v0.3.17\n   Compiling base64 v0.22.1\n   Compiling event-listener v2.5.3\n   Compiling rustls-pki-types v1.11.0\n   Compiling strsim v0.11.1\n   Compiling heck v0.5.0\n   Compiling signal-hook-registry v1.4.2\n   Compiling mio v1.0.3\n   Compiling socket2 v0.5.8\n   Compiling parking_lot v0.12.3\n   Compiling getrandom v0.2.15\n   Compiling tiff v0.9.1\n   Compiling tower-layer v0.3.3\n   Compiling clap_lex v0.7.4\n   Compiling block-buffer v0.10.4\n   Compiling rand_core v0.9.3\n   Compiling crypto-common v0.1.6\n   Compiling rustls-pemfile v2.2.0\n   Compiling clap_builder v4.5.31\n   Compiling async-channel v1.9.0\n   Compiling kv-log-macro v1.0.7\n   Compiling encoding_rs v0.8.35\n   Compiling env_home v0.1.0\n   Compiling ipnet v2.11.0\n   Compiling num-rational v0.4.2\n   Compiling digest v0.10.7\n   Compiling csv-core v0.1.12\n   Compiling keccak v0.1.5\n   Compiling ragit-korean v0.3.3 (/home/baehyunsol/Documents/ragit/crates/korean)\n   Compiling ragit-cli v0.3.3 (/home/baehyunsol/Documents/ragit/crates/cli)\n   Compiling sha3 v0.10.8\n   Compiling av1-grain v0.2.3\n   Compiling regex v1.11.1\n   Compiling maybe-rayon v0.1.1\n   Compiling parse-zoneinfo v0.3.1\n   Compiling chrono-tz-build v0.3.0\n   Compiling globset v0.4.16\n   Compiling chrono-tz v0.9.0\n   Compiling synstructure v0.13.1\n   Compiling ignore v0.4.23\n   Compiling polling v3.7.4\n   Compiling which v7.0.2\n   Compiling zerofrom-derive v0.1.6\n   Compiling yoke-derive v0.7.5\n   Compiling zerovec-derive v0.10.3\n   Compiling displaydoc v0.2.5\n   Compiling zerocopy-derive v0.7.35\n   Compiling tokio-macros v2.5.0\n   Compiling futures-macro v0.3.31\n   Compiling serde_derive v1.0.218\n   Compiling thiserror-impl v2.0.12\n   Compiling icu_provider_macros v1.5.0\n   Compiling profiling-procmacros v1.0.16\n   Compiling openssl-macros v0.1.1\n   Compiling thiserror-impl v1.0.69\n   Compiling num-derive v0.4.2\n   Compiling arg_enum_proc_macro v0.3.4\n   Compiling clap_derive v4.5.28\n   Compiling async-recursion v1.1.1\n   Compiling async-io v2.4.0\n   Compiling globwalk v0.9.1\n   Compiling async-global-executor v2.4.1\n   Compiling profiling v1.0.16\n   Compiling async-std v1.13.0\n   Compiling tokio v1.44.0\n   Compiling zerocopy v0.7.35\n   Compiling futures-util v0.3.31\n   Compiling pest v2.7.15\n   Compiling clearscreen v4.0.1\n   Compiling zerofrom v0.1.6\n   Compiling yoke v0.7.5\n   Compiling ppv-lite86 v0.2.20\n   Compiling zerovec v0.10.4\n   Compiling rand_chacha v0.9.0\n   Compiling rand_chacha v0.3.1\n   Compiling rand v0.9.0\n   Compiling clap v4.5.31\n   Compiling tinystr v0.7.6\n   Compiling icu_collections v1.5.0\n   Compiling icu_locid v1.5.0\n   Compiling pest_meta v2.7.15\n   Compiling ragit-fs v0.3.3 (/home/baehyunsol/Documents/ragit/crates/fs)\n   Compiling icu_provider v1.5.0\n   Compiling ragit-ignore v0.3.3 (/home/baehyunsol/Documents/ragit/crates/ignore)\n   Compiling pest_generator v2.7.15\n   Compiling icu_locid_transform v1.5.0\n   Compiling http-body-util v0.1.2\n   Compiling futures-executor v0.3.31\n   Compiling futures v0.3.31\n   Compiling pest_derive v2.7.15\n   Compiling icu_properties v1.5.1\n   Compiling tokio-util v0.7.13\n   Compiling tokio-native-tls v0.3.1\n   Compiling tower v0.5.2\n   Compiling serde_urlencoded v0.7.1\n   Compiling csv v1.3.1\n   Compiling rust-stemmers v1.2.0\n   Compiling h2 v0.4.8\n   Compiling icu_normalizer v1.5.0\n   Compiling idna_adapter v1.2.0\n   Compiling idna v1.0.3\n   Compiling ravif v0.11.11\n   Compiling tera v1.20.0\n   Compiling url v2.5.4\n   Compiling image v0.25.5\n   Compiling hyper v1.6.0\n   Compiling hyper-util v0.1.10\n   Compiling hyper-tls v0.6.0\n   Compiling ragit-pdl v0.3.3 (/home/baehyunsol/Documents/ragit/crates/pdl)\n   Compiling reqwest v0.12.12\n   Compiling ragit-api v0.3.3 (/home/baehyunsol/Documents/ragit/crates/api)\n   Compiling ragit v0.3.3 (/home/baehyunsol/Documents/ragit)\nerror[E0061]: this function takes 3 arguments but 2 arguments were supplied\n   --> src/chunk/tests.rs:46:22\n    |\n46  |         let result = merge_and_convert_chunks(&index, sample).unwrap();\n    |                      ^^^^^^^^^^^^^^^^^^^^^^^^---------------- argument #3 of type `bool` is missing\n    |\nnote: function defined here\n   --> src/chunk.rs:302:8\n    |\n302 | pub fn merge_and_convert_chunks(index: &Index, chunks: Vec<Chunk>, render_image: bool) -> Result<Vec<RenderableChunk>, Error> {\n    |        ^^^^^^^^^^^^^^^^^^^^^^^^ -------------  ------------------  ------------------\nhelp: provide the argument\n    |\n46  |         let result = merge_and_convert_chunks(&index, sample, /* bool */).unwrap();\n    |                                              ~~~~~~~~~~~~~~~~~~~~~~~~~~~~\n\nFor more information about this error, try `rustc --explain E0061`.\nerror: could not compile `ragit` (lib test) due to 1 previous error\nwarning: build failed, waiting for other jobs to finish...\n\n\n\n\n#####################\n### path: command ###\n/home/baehyunsol/Documents/ragit: cargo test --release\n\n### status_code ###\n101\n\n### stdout ###\n\n\n### stderr ###\n   Compiling ragit v0.3.3 (/home/baehyunsol/Documents/ragit)\nerror[E0061]: this function takes 3 arguments but 2 arguments were supplied\n   --> src/chunk/tests.rs:46:22\n    |\n46  |         let result = merge_and_convert_chunks(&index, sample).unwrap();\n    |                      ^^^^^^^^^^^^^^^^^^^^^^^^---------------- argument #3 of type `bool` is missing\n    |\nnote: function defined here\n   --> src/chunk.rs:302:8\n    |\n302 | pub fn merge_and_convert_chunks(index: &Index, chunks: Vec<Chunk>, render_image: bool) -> Result<Vec<RenderableChunk>, Error> {\n    |        ^^^^^^^^^^^^^^^^^^^^^^^^ -------------  ------------------  ------------------\nhelp: provide the argument\n    |\n46  |         let result = merge_and_convert_chunks(&index, sample, /* bool */).unwrap();\n    |                                              ~~~~~~~~~~~~~~~~~~~~~~~~~~~~\n\nFor more information about this error, try `rustc --explain E0061`.\nerror: could not compile `ragit` (lib test) due to 1 previous error\n\n\nTraceback (most recent call last):\n  File \"/home/baehyunsol/Documents/ragit/tests/tests.py\", line 504, in <module>\n    test()\n  File \"/home/baehyunsol/Documents/ragit/tests/cargo_tests.py\", line 45, in cargo_tests\n    raise Exception(\"\\n\\n\".join(errors))\nException: \n#####################\n### path: command ###\n/home/baehyunsol/Documents/ragit: cargo test\n\n### status_code ###\n101\n\n### stdout ###\n\n\n### stderr ###\n   Compiling proc-macro2 v1.0.94\n   Compiling unicode-ident v1.0.18\n   Compiling cfg-if v1.0.0\n   Compiling autocfg v1.4.0\n   Compiling libc v0.2.170\n   Compiling memchr v2.7.4\n   Compiling crossbeam-utils v0.8.21\n   Compiling pin-project-lite v0.2.16\n   Compiling once_cell v1.20.3\n   Compiling futures-core v0.3.31\n   Compiling smallvec v1.14.0\n   Compiling futures-io v0.3.31\n   Compiling bitflags v2.9.0\n   Compiling siphasher v1.0.1\n   Compiling value-bag v1.10.0\n   Compiling stable_deref_trait v1.2.0\n   Compiling itoa v1.0.15\n   Compiling rand_core v0.6.4\n   Compiling bytes v1.10.1\n   Compiling futures-sink v0.3.31\n   Compiling parking_lot_core v0.9.10\n   Compiling shlex v1.3.0\n   Compiling scopeguard v1.2.0\n   Compiling pkg-config v0.3.32\n   Compiling vcpkg v0.2.15\n   Compiling parking v2.2.1\n   Compiling byteorder v1.5.0\n   Compiling pin-utils v0.1.0\n   Compiling fnv v1.0.7\n   Compiling thiserror v2.0.12\n   Compiling serde v1.0.218\n   Compiling futures-task v0.3.31\n   Compiling writeable v0.5.5\n   Compiling regex-syntax v0.8.5\n   Compiling litemap v0.7.5\n   Compiling rayon-core v1.12.1\n   Compiling phf_shared v0.11.3\n   Compiling tracing-core v0.1.33\n   Compiling atomic-waker v1.1.2\n   Compiling simd-adler32 v0.3.7\n   Compiling futures-channel v0.3.31\n   Compiling either v1.15.0\n   Compiling rand v0.8.5\n   Compiling minimal-lexical v0.2.1\n   Compiling cc v1.2.16\n   Compiling log v0.4.26\n   Compiling rustix v0.38.44\n   Compiling getrandom v0.3.1\n   Compiling linux-raw-sys v0.4.15\n   Compiling adler2 v2.0.0\n   Compiling icu_locid_transform_data v1.5.0\n   Compiling fastrand v2.3.0\n   Compiling anyhow v1.0.97\n   Compiling phf v0.11.3\n   Compiling miniz_oxide v0.8.5\n   Compiling paste v1.0.15\n   Compiling version_check v0.9.5\n   Compiling openssl v0.10.71\n   Compiling num-traits v0.2.19\n   Compiling slab v0.4.9\n   Compiling lock_api v0.4.12\n   Compiling built v0.7.7\n   Compiling aligned-vec v0.5.0\n   Compiling tracing v0.1.41\n   Compiling hashbrown v0.15.2\n   Compiling zerocopy v0.8.23\n   Compiling iana-time-zone v0.1.61\n   Compiling ucd-trie v0.1.7\n   Compiling typenum v1.18.0\n   Compiling arrayvec v0.7.6\n   Compiling httparse v1.10.1\n   Compiling foreign-types-shared v0.1.1\n   Compiling http v1.2.0\n   Compiling percent-encoding v2.3.1\n   Compiling icu_properties_data v1.5.0\n   Compiling thiserror v1.0.69\n   Compiling aho-corasick v1.1.3\n   Compiling crossbeam-epoch v0.9.18\n   Compiling phf_generator v0.11.3\n   Compiling concurrent-queue v2.5.0\n   Compiling nom v7.1.3\n   Compiling equivalent v1.0.2\n   Compiling ryu v1.0.20\n   Compiling bstr v1.11.3\n   Compiling phf_codegen v0.11.3\n   Compiling rav1e v0.7.1\n   Compiling generic-array v0.14.7\n   Compiling quote v1.0.39\n   Compiling foreign-types v0.3.2\n   Compiling event-listener v5.4.0\n   Compiling futures-lite v2.6.0\n   Compiling crc32fast v1.4.2\n   Compiling unic-char-range v0.9.0\n   Compiling same-file v1.0.6\n   Compiling crossbeam-deque v0.8.6\n   Compiling native-tls v0.2.14\n   Compiling write16 v1.0.0\n   Compiling unic-common v0.9.0\n   Compiling utf16_iter v1.0.5\n   Compiling libm v0.2.11\n   Compiling try-lock v0.2.5\n   Compiling syn v2.0.99\n   Compiling utf8_iter v1.0.4\n   Compiling icu_normalizer_data v1.5.0\n   Compiling unic-ucd-version v0.9.0\n   Compiling flate2 v1.1.0\n   Compiling want v0.3.1\n   Compiling walkdir v2.5.0\n   Compiling unic-char-property v0.9.0\n   Compiling itertools v0.12.1\n   Compiling tower-service v0.3.3\n   Compiling event-listener-strategy v0.5.3\n   Compiling simd_helpers v0.1.0\n   Compiling bitstream-io v2.6.0\n   Compiling unicase v2.8.1\n   Compiling new_debug_unreachable v1.0.6\n   Compiling serde_json v1.0.140\n   Compiling quick-error v2.0.1\n   Compiling indexmap v2.7.1\n   Compiling async-task v4.7.1\n   Compiling openssl-probe v0.1.6\n   Compiling imgref v1.11.0\n   Compiling noop_proc_macro v0.3.0\n   Compiling weezl v0.1.8\n   Compiling utf8parse v0.2.2\n   Compiling anstyle-parse v0.2.6\n   Compiling mime_guess v2.0.5\n   Compiling async-channel v2.3.1\n   Compiling http-body v1.0.1\n   Compiling loop9 v0.1.5\n   Compiling async-lock v3.4.0\n   Compiling unic-ucd-segment v0.9.0\n   Compiling avif-serialize v0.8.3\n   Compiling form_urlencoded v1.2.1\n   Compiling piper v0.2.4\n   Compiling fdeflate v0.3.7\n   Compiling num-integer v0.1.46\n   Compiling chrono v0.4.40\n   Compiling v_frame v0.3.8\n   Compiling rayon v1.10.0\n   Compiling zune-inflate v0.2.54\n   Compiling half v2.4.1\n   Compiling bytemuck v1.22.0\n   Compiling is_terminal_polyfill v1.70.1\n   Compiling colorchoice v1.0.3\n   Compiling deunicode v1.6.0\n   Compiling bit_field v0.10.2\n   Compiling num-bigint v0.4.6\n   Compiling regex-automata v0.4.9\n   Compiling bitflags v1.3.2\n   Compiling jpeg-decoder v0.3.1\n   Compiling cfg_aliases v0.2.1\n   Compiling anstyle-query v1.1.2\n   Compiling pathdiff v0.2.3\n   Compiling byteorder-lite v0.1.0\n   Compiling lebe v0.5.2\n   Compiling anstyle v1.0.10\n   Compiling rgb v0.8.50\n   Compiling color_quant v1.1.0\n   Compiling zune-core v0.4.12\n   Compiling lazy_static v1.5.0\n   Compiling png v0.17.16\n   Compiling slug v0.1.6\n   Compiling openssl-sys v0.9.106\n   Compiling anstream v0.6.18\n   Compiling gif v0.13.1\n   Compiling humansize v2.1.3\n   Compiling exr v1.73.0\n   Compiling qoi v0.4.1\n   Compiling zune-jpeg v0.4.14\n   Compiling nix v0.29.0\n   Compiling unic-segment v0.9.0\n   Compiling blocking v1.6.1\n   Compiling async-executor v1.13.1\n   Compiling terminfo v0.9.0\n   Compiling image-webp v0.2.1\n   Compiling sync_wrapper v1.0.2\n   Compiling mime v0.3.17\n   Compiling base64 v0.22.1\n   Compiling event-listener v2.5.3\n   Compiling rustls-pki-types v1.11.0\n   Compiling strsim v0.11.1\n   Compiling heck v0.5.0\n   Compiling signal-hook-registry v1.4.2\n   Compiling mio v1.0.3\n   Compiling socket2 v0.5.8\n   Compiling parking_lot v0.12.3\n   Compiling getrandom v0.2.15\n   Compiling tiff v0.9.1\n   Compiling tower-layer v0.3.3\n   Compiling clap_lex v0.7.4\n   Compiling block-buffer v0.10.4\n   Compiling rand_core v0.9.3\n   Compiling crypto-common v0.1.6\n   Compiling rustls-pemfile v2.2.0\n   Compiling clap_builder v4.5.31\n   Compiling async-channel v1.9.0\n   Compiling kv-log-macro v1.0.7\n   Compiling encoding_rs v0.8.35\n   Compiling env_home v0.1.0\n   Compiling ipnet v2.11.0\n   Compiling num-rational v0.4.2\n   Compiling digest v0.10.7\n   Compiling csv-core v0.1.12\n   Compiling keccak v0.1.5\n   Compiling ragit-korean v0.3.3 (/home/baehyunsol/Documents/ragit/crates/korean)\n   Compiling ragit-cli v0.3.3 (/home/baehyunsol/Documents/ragit/crates/cli)\n   Compiling sha3 v0.10.8\n   Compiling av1-grain v0.2.3\n   Compiling regex v1.11.1\n   Compiling maybe-rayon v0.1.1\n   Compiling parse-zoneinfo v0.3.1\n   Compiling chrono-tz-build v0.3.0\n   Compiling globset v0.4.16\n   Compiling chrono-tz v0.9.0\n   Compiling synstructure v0.13.1\n   Compiling ignore v0.4.23\n   Compiling polling v3.7.4\n   Compiling which v7.0.2\n   Compiling zerofrom-derive v0.1.6\n   Compiling yoke-derive v0.7.5\n   Compiling zerovec-derive v0.10.3\n   Compiling displaydoc v0.2.5\n   Compiling zerocopy-derive v0.7.35\n   Compiling tokio-macros v2.5.0\n   Compiling futures-macro v0.3.31\n   Compiling serde_derive v1.0.218\n   Compiling thiserror-impl v2.0.12\n   Compiling icu_provider_macros v1.5.0\n   Compiling profiling-procmacros v1.0.16\n   Compiling openssl-macros v0.1.1\n   Compiling thiserror-impl v1.0.69\n   Compiling num-derive v0.4.2\n   Compiling arg_enum_proc_macro v0.3.4\n   Compiling clap_derive v4.5.28\n   Compiling async-recursion v1.1.1\n   Compiling async-io v2.4.0\n   Compiling globwalk v0.9.1\n   Compiling async-global-executor v2.4.1\n   Compiling profiling v1.0.16\n   Compiling async-std v1.13.0\n   Compiling tokio v1.44.0\n   Compiling zerocopy v0.7.35\n   Compiling futures-util v0.3.31\n   Compiling pest v2.7.15\n   Compiling clearscreen v4.0.1\n   Compiling zerofrom v0.1.6\n   Compiling yoke v0.7.5\n   Compiling ppv-lite86 v0.2.20\n   Compiling zerovec v0.10.4\n   Compiling rand_chacha v0.9.0\n   Compiling rand_chacha v0.3.1\n   Compiling rand v0.9.0\n   Compiling clap v4.5.31\n   Compiling tinystr v0.7.6\n   Compiling icu_collections v1.5.0\n   Compiling icu_locid v1.5.0\n   Compiling pest_meta v2.7.15\n   Compiling ragit-fs v0.3.3 (/home/baehyunsol/Documents/ragit/crates/fs)\n   Compiling icu_provider v1.5.0\n   Compiling ragit-ignore v0.3.3 (/home/baehyunsol/Documents/ragit/crates/ignore)\n   Compiling pest_generator v2.7.15\n   Compiling icu_locid_transform v1.5.0\n   Compiling http-body-util v0.1.2\n   Compiling futures-executor v0.3.31\n   Compiling futures v0.3.31\n   Compiling pest_derive v2.7.15\n   Compiling icu_properties v1.5.1\n   Compiling tokio-util v0.7.13\n   Compiling tokio-native-tls v0.3.1\n   Compiling tower v0.5.2\n   Compiling serde_urlencoded v0.7.1\n   Compiling csv v1.3.1\n   Compiling rust-stemmers v1.2.0\n   Compiling h2 v0.4.8\n   Compiling icu_normalizer v1.5.0\n   Compiling idna_adapter v1.2.0\n   Compiling idna v1.0.3\n   Compiling ravif v0.11.11\n   Compiling tera v1.20.0\n   Compiling url v2.5.4\n   Compiling image v0.25.5\n   Compiling hyper v1.6.0\n   Compiling hyper-util v0.1.10\n   Compiling hyper-tls v0.6.0\n   Compiling ragit-pdl v0.3.3 (/home/baehyunsol/Documents/ragit/crates/pdl)\n   Compiling reqwest v0.12.12\n   Compiling ragit-api v0.3.3 (/home/baehyunsol/Documents/ragit/crates/api)\n   Compiling ragit v0.3.3 (/home/baehyunsol/Documents/ragit)\nerror[E0061]: this function takes 3 arguments but 2 arguments were supplied\n   --> src/chunk/tests.rs:46:22\n    |\n46  |         let result = merge_and_convert_chunks(&index, sample).unwrap();\n    |                      ^^^^^^^^^^^^^^^^^^^^^^^^---------------- argument #3 of type `bool` is missing\n    |\nnote: function defined here\n   --> src/chunk.rs:302:8\n    |\n302 | pub fn merge_and_convert_chunks(index: &Index, chunks: Vec<Chunk>, render_image: bool) -> Result<Vec<RenderableChunk>, Error> {\n    |        ^^^^^^^^^^^^^^^^^^^^^^^^ -------------  ------------------  ------------------\nhelp: provide the argument\n    |\n46  |         let result = merge_and_convert_chunks(&index, sample, /* bool */).unwrap();\n    |                                              ~~~~~~~~~~~~~~~~~~~~~~~~~~~~\n\nFor more information about this error, try `rustc --explain E0061`.\nerror: could not compile `ragit` (lib test) due to 1 previous error\nwarning: build failed, waiting for other jobs to finish...\n\n\n\n\n#####################\n### path: command ###\n/home/baehyunsol/Documents/ragit: cargo test --release\n\n### status_code ###\n101\n\n### stdout ###\n\n\n### stderr ###\n   Compiling ragit v0.3.3 (/home/baehyunsol/Documents/ragit)\nerror[E0061]: this function takes 3 arguments but 2 arguments were supplied\n   --> src/chunk/tests.rs:46:22\n    |\n46  |         let result = merge_and_convert_chunks(&index, sample).unwrap();\n    |                      ^^^^^^^^^^^^^^^^^^^^^^^^---------------- argument #3 of type `bool` is missing\n    |\nnote: function defined here\n   --> src/chunk.rs:302:8\n    |\n302 | pub fn merge_and_convert_chunks(index: &Index, chunks: Vec<Chunk>, render_image: bool) -> Result<Vec<RenderableChunk>, Error> {\n    |        ^^^^^^^^^^^^^^^^^^^^^^^^ -------------  ------------------  ------------------\nhelp: provide the argument\n    |\n46  |         let result = merge_and_convert_chunks(&index, sample, /* bool */).unwrap();\n    |                                              ~~~~~~~~~~~~~~~~~~~~~~~~~~~~\n\nFor more information about this error, try `rustc --explain E0061`.\nerror: could not compile `ragit` (lib test) due to 1 previous error\n\n\n",
            "elapsed_ms": 114448
        },
        "add_and_rm": {
            "seq": 1,
            "pass": true,
            "error": null,
            "elapsed_ms": 31748
        },
        "add_and_rm2": {
            "seq": 2,
            "pass": true,
            "error": null,
            "elapsed_ms": 9636
        },
        "ignore": {
            "seq": 3,
            "pass": true,
            "error": null,
            "elapsed_ms": 2689
        },
        "recover": {
            "seq": 4,
            "pass": true,
            "error": null,
            "elapsed_ms": 2672
        },
        "clone": {
            "seq": 5,
            "pass": true,
            "error": null,
            "elapsed_ms": 96462
        },
        "clone2": {
            "seq": 6,
            "pass": true,
            "error": null,
            "elapsed_ms": 3773
        },
        "server": {
            "seq": 7,
            "pass": true,
            "error": null,
            "elapsed_ms": 74699
        },
        "cli": {
            "seq": 8,
            "pass": true,
            "error": null,
            "elapsed_ms": 3142
        },
        "archive": {
            "seq": 9,
            "pass": true,
            "error": null,
            "elapsed_ms": 181689
        },
        "many_chunks": {
            "seq": 10,
            "pass": true,
            "error": null,
            "elapsed_ms": 573579
        },
        "many_jobs": {
            "seq": 11,
            "pass": true,
            "error": null,
            "elapsed_ms": 133367
        },
        "ls": {
            "seq": 12,
            "pass": true,
            "error": null,
            "elapsed_ms": 72958
        },
        "meta": {
            "seq": 13,
            "pass": true,
            "error": null,
            "elapsed_ms": 1452
        },
        "symlink": {
            "seq": 14,
            "pass": true,
            "error": null,
            "elapsed_ms": 2732
        },
        "ii": {
            "seq": 15,
            "pass": false,
            "error": "tfidf result on term 'crate into main option prompt' is not close enough. error: `answer[1] not in approximation`, answer: ['efdec1d8662e19fea34278bf6e1b9ec16925f020c798e0430000000100000201', '95d3727d8d7f0e6b702fed136a761198294f357c9e9fb4890000000100000200', '3659820d56ae19007e1cf89490b349285b76f5aa61add2580000000100000202', 'fc3691997880298dc1924a1c2bb49aabed8537bbf622d38e0000000100000214', 'f1c542865f65cff136e38f89256def87384be608aac3e7ed0000000100000217', 'f27c1383cc65d93c193b8bea4e1715c34c2b944722bc56a20000000100000203', '845dd75e8bc1453f764208dd48d481e1c2b0c8fcd1f3d64d0000000100000200', '07edccd7468f00ef416e169bb45eeec81e91e583cce8aa8e0000000100000200', '6ea382bebb6d2adbf7dbd48d7c21b62bbc17b13d8a22723e000000010000018d', '52dd92597df4496be94694e0d19f38efeb58986df31ecdec0000000100000201'], approximation: ['efdec1d8662e19fea34278bf6e1b9ec16925f020c798e0430000000100000201', 'db01e0347c39fa19cd478ad136e02c3be5ae514968bfafb30000000100000200', '9c9b79c9c2bf343e2f6058d1afa471c43a73f9cad3ad88c60000000100000203', '02e6389bb2340bd8772d0f9d5a31ceea21d17ca755b026b00000000100000200', '61b06c15d86f784499299a27d1e5f2da0f74e9fb0b3fca910000000100000208', '3659820d56ae19007e1cf89490b349285b76f5aa61add2580000000100000202', 'fc3691997880298dc1924a1c2bb49aabed8537bbf622d38e0000000100000214', '1af51ce0f21b086eae194ad479cb642414cdfa9d88e4c0cb000000010000020c', '530cc8e74991e3457a84e16f4582aa8689af82ffd593a0f50000000100000217', '81a6de07b977483ea50f7c5453379333e61ced3b383bd0550000000100000204']\nTraceback (most recent call last):\n  File \"/home/baehyunsol/Documents/ragit/tests/ii.py\", line 100, in ii_worker\n    raise AssertionError(f\"answer[{i}] not in approximation\")\nAssertionError: answer[1] not in approximation\n\nDuring handling of the above exception, another exception occurred:\n\nTraceback (most recent call last):\n  File \"/home/baehyunsol/Documents/ragit/tests/tests.py\", line 504, in <module>\n    test()\n  File \"/home/baehyunsol/Documents/ragit/tests/ii.py\", line 36, in ii\n    ii_worker()\n  File \"/home/baehyunsol/Documents/ragit/tests/ii.py\", line 116, in ii_worker\n    raise AssertionError(f\"tfidf result on term '{term}' is not close enough. error: `{e}`, answer: {answer}, approximation: {approximation}\")\nAssertionError: tfidf result on term 'crate into main option prompt' is not close enough. error: `answer[1] not in approximation`, answer: ['efdec1d8662e19fea34278bf6e1b9ec16925f020c798e0430000000100000201', '95d3727d8d7f0e6b702fed136a761198294f357c9e9fb4890000000100000200', '3659820d56ae19007e1cf89490b349285b76f5aa61add2580000000100000202', 'fc3691997880298dc1924a1c2bb49aabed8537bbf622d38e0000000100000214', 'f1c542865f65cff136e38f89256def87384be608aac3e7ed0000000100000217', 'f27c1383cc65d93c193b8bea4e1715c34c2b944722bc56a20000000100000203', '845dd75e8bc1453f764208dd48d481e1c2b0c8fcd1f3d64d0000000100000200', '07edccd7468f00ef416e169bb45eeec81e91e583cce8aa8e0000000100000200', '6ea382bebb6d2adbf7dbd48d7c21b62bbc17b13d8a22723e000000010000018d', '52dd92597df4496be94694e0d19f38efeb58986df31ecdec0000000100000201'], approximation: ['efdec1d8662e19fea34278bf6e1b9ec16925f020c798e0430000000100000201', 'db01e0347c39fa19cd478ad136e02c3be5ae514968bfafb30000000100000200', '9c9b79c9c2bf343e2f6058d1afa471c43a73f9cad3ad88c60000000100000203', '02e6389bb2340bd8772d0f9d5a31ceea21d17ca755b026b00000000100000200', '61b06c15d86f784499299a27d1e5f2da0f74e9fb0b3fca910000000100000208', '3659820d56ae19007e1cf89490b349285b76f5aa61add2580000000100000202', 'fc3691997880298dc1924a1c2bb49aabed8537bbf622d38e0000000100000214', '1af51ce0f21b086eae194ad479cb642414cdfa9d88e4c0cb000000010000020c', '530cc8e74991e3457a84e16f4582aa8689af82ffd593a0f50000000100000217', '81a6de07b977483ea50f7c5453379333e61ced3b383bd0550000000100000204']\n",
            "elapsed_ms": 138349
        },
        "cat_file": {
            "seq": 16,
            "pass": true,
            "error": null,
            "elapsed_ms": 14367
        },
        "images": {
            "seq": 17,
            "pass": true,
            "error": null,
            "elapsed_ms": 3790
        },
        "markdown_reader": {
            "seq": 18,
            "pass": true,
            "error": null,
            "elapsed_ms": 4740
        },
        "csv_reader": {
            "seq": 19,
            "pass": true,
            "error": null,
            "elapsed_ms": 2207
        },
        "subdir": {
            "seq": 20,
            "pass": true,
            "error": null,
            "elapsed_ms": 7926
        },
        "tfidf": {
            "seq": 21,
            "pass": true,
            "error": null,
            "elapsed_ms": 9459
        },
        "merge": {
            "seq": 22,
            "pass": true,
            "error": null,
            "elapsed_ms": 12515
        },
        "external_bases": {
            "seq": 23,
            "pass": true,
            "error": null,
            "elapsed_ms": 60910
        },
        "end_to_end dummy": {
            "seq": 24,
            "pass": true,
            "error": null,
            "elapsed_ms": 132787
        },
        "end_to_end llama3.3-70b": {
            "seq": 25,
            "pass": true,
            "error": null,
            "elapsed_ms": 140749
        },
        "audit llama3.3-70b": {
            "seq": 26,
            "pass": true,
            "error": null,
            "elapsed_ms": 5357
        },
        "prompts dummy": {
            "seq": 27,
            "pass": true,
            "error": null,
            "elapsed_ms": 4384
        },
        "prompts gpt-4o-mini": {
            "seq": 28,
            "pass": true,
            "error": null,
            "elapsed_ms": 44685
        },
        "prompts claude-3.5-sonnet": {
            "seq": 29,
            "pass": true,
            "error": null,
            "elapsed_ms": 64619
        },
        "empty dummy": {
            "seq": 30,
            "pass": true,
            "error": null,
            "elapsed_ms": 2400
        },
        "empty llama3.3-70b": {
            "seq": 31,
            "pass": true,
            "error": null,
            "elapsed_ms": 3574
        },
        "server2 dummy": {
            "seq": 32,
            "pass": true,
            "error": null,
            "elapsed_ms": 5245
        },
        "server2 llama3.3-70b": {
            "seq": 33,
            "pass": true,
            "error": null,
            "elapsed_ms": 21825
        },
        "images2 gpt-4o-mini": {
            "seq": 34,
            "pass": true,
            "error": null,
            "elapsed_ms": 9315
        },
        "images3 gpt-4o-mini": {
            "seq": 35,
            "pass": true,
            "error": null,
            "elapsed_ms": 13262
        },
        "web_images gpt-4o-mini": {
            "seq": 36,
            "pass": true,
            "error": null,
            "elapsed_ms": 21484
        },
        "images2 claude-3.5-sonnet": {
            "seq": 37,
            "pass": true,
            "error": null,
            "elapsed_ms": 9721
        },
        "extract_keywords dummy": {
            "seq": 38,
            "pass": true,
            "error": null,
            "elapsed_ms": 1542
        },
        "extract_keywords gpt-4o-mini": {
            "seq": 39,
            "pass": true,
            "error": null,
            "elapsed_ms": 9117
        },
        "orphan_process llama3.3-70b": {
            "seq": 40,
            "pass": true,
            "error": null,
            "elapsed_ms": 100908
        },
        "write_lock llama3.3-70b": {
            "seq": 41,
            "pass": true,
            "error": null,
            "elapsed_ms": 47827
        },
        "ragit_api command-r": {
            "seq": 42,
            "pass": true,
            "error": null,
            "elapsed_ms": 1916
        },
        "models_init": {
            "seq": 43,
            "pass": true,
            "error": null,
            "elapsed_ms": 255
        },
        "test_home_config_override": {
            "seq": 44,
            "pass": true,
            "error": null,
            "elapsed_ms": 118
        },
        "migrate": {
            "seq": 45,
            "pass": true,
            "error": null,
            "elapsed_ms": 124745
        },
        "migrate2": {
            "seq": 46,
            "pass": true,
            "error": null,
            "elapsed_ms": 60121
        }
    },
    "result": {
        "total": 47,
        "complete": 47,
        "pass": 45,
        "fail": 2,
        "remaining": 0
    }
}