{
    "meta": {
        "complete": true,
        "started_at": "2025-05-15 22:04:31.214583Z",
        "commit": "adcf2562496ce6b4c2f17f0a5699f05d686b2dd9",
        "platform": {
            "cargo_version": "cargo 1.87.0-nightly (6cf826701 2025-03-14)",
            "rustc_version": "rustc 1.87.0-nightly (78948ac25 2025-03-20)",
            "python_version": "3.10.12",
            "platform": "Linux-5.15.0-136-generic-x86_64-with-glibc2.35"
        },
        "rand_seed": 20250515220431,
        "ended_at": "2025-05-15 23:00:24.413178Z",
        "elapsed_ms": 3353198,
        "ragit_version": "ragit 0.4.0-dev",
        "commit_title": "impl `--schema` in `rag query`",
        "commit_message": ""
    },
    "tests": {
        "cargo_tests": {
            "seq": 0,
            "pass": false,
            "error": "\n#####################\n### path: command ###\n/home/baehyunsol/Documents/ragit/crates/pdl: cargo test\n\n### status_code ###\n101\n\n### stdout ###\n\n\n### stderr ###\n    Updating crates.io index\n     Locking 196 packages to latest Rust 1.87.0-nightly compatible versions\n   Compiling proc-macro2 v1.0.95\n   Compiling unicode-ident v1.0.18\n   Compiling cfg-if v1.0.0\n   Compiling memchr v2.7.4\n   Compiling libc v0.2.172\n   Compiling autocfg v1.4.0\n   Compiling crossbeam-utils v0.8.21\n   Compiling siphasher v1.0.1\n   Compiling zerocopy v0.8.25\n   Compiling rand_core v0.6.4\n   Compiling rayon-core v1.12.1\n   Compiling regex-syntax v0.8.5\n   Compiling log v0.4.27\n   Compiling simd-adler32 v0.3.7\n   Compiling thiserror v2.0.12\n   Compiling once_cell v1.21.3\n   Compiling either v1.15.0\n   Compiling adler2 v2.0.0\n   Compiling getrandom v0.3.3\n   Compiling anyhow v1.0.98\n   Compiling built v0.7.7\n   Compiling paste v1.0.15\n   Compiling arrayvec v0.7.6\n   Compiling minimal-lexical v0.2.1\n   Compiling thiserror v1.0.69\n   Compiling ucd-trie v0.1.7\n   Compiling aligned-vec v0.5.0\n   Compiling unic-char-range v0.9.0\n   Compiling iana-time-zone v0.1.63\n   Compiling unic-common v0.9.0\n   Compiling serde v1.0.219\n   Compiling crc32fast v1.4.2\n   Compiling libm v0.2.15\n   Compiling rand v0.8.5\n   Compiling same-file v1.0.6\n   Compiling miniz_oxide v0.8.8\n   Compiling bitstream-io v2.6.0\n   Compiling itertools v0.12.1\n   Compiling serde_json v1.0.140\n   Compiling walkdir v2.5.0\n   Compiling new_debug_unreachable v1.0.6\n   Compiling phf_shared v0.11.3\n   Compiling unic-char-property v0.9.0\n   Compiling unic-ucd-version v0.9.0\n   Compiling noop_proc_macro v0.3.0\n   Compiling imgref v1.11.0\n   Compiling quick-error v2.0.1\n   Compiling weezl v0.1.8\n   Compiling unic-ucd-segment v0.9.0\n   Compiling fdeflate v0.3.7\n   Compiling phf v0.11.3\n   Compiling num-traits v0.2.19\n   Compiling zune-inflate v0.2.54\n   Compiling half v2.6.0\n   Compiling bitflags v1.3.2\n   Compiling rav1e v0.7.1\n   Compiling lebe v0.5.2\n   Compiling aho-corasick v1.1.3\n   Compiling nom v7.1.3\n   Compiling bstr v1.12.0\n   Compiling loop9 v0.1.5\n   Compiling avif-serialize v0.8.3\n   Compiling byteorder-lite v0.1.0\n   Compiling bit_field v0.10.2\n   Compiling smallvec v1.15.0\n   Compiling jpeg-decoder v0.3.1\n   Compiling ryu v1.0.20\n   Compiling phf_generator v0.11.3\n   Compiling deunicode v1.6.2\n   Compiling itoa v1.0.15\n   Compiling zune-core v0.4.12\n   Compiling bitflags v2.9.1\n   Compiling phf_codegen v0.11.3\n   Compiling quote v1.0.40\n   Compiling bytemuck v1.23.0\n   Compiling crossbeam-epoch v0.9.18\n   Compiling flate2 v1.1.1\n   Compiling rgb v0.8.50\n   Compiling color_quant v1.1.0\n   Compiling unic-segment v0.9.0\n   Compiling image-webp v0.2.1\n   Compiling zune-jpeg v0.4.14\n   Compiling pathdiff v0.2.3\n   Compiling percent-encoding v2.3.1\n   Compiling slug v0.1.6\n   Compiling lazy_static v1.5.0\n   Compiling base64 v0.22.1\n   Compiling gif v0.13.1\n   Compiling syn v2.0.101\n   Compiling simd_helpers v0.1.0\n   Compiling crossbeam-deque v0.8.6\n   Compiling qoi v0.4.1\n   Compiling png v0.17.16\n   Compiling regex-automata v0.4.9\n   Compiling num-integer v0.1.46\n   Compiling v_frame v0.3.8\n   Compiling chrono v0.4.41\n   Compiling getrandom v0.2.16\n   Compiling tiff v0.9.1\n   Compiling rand_core v0.9.3\n   Compiling rayon v1.10.0\n   Compiling exr v1.73.0\n   Compiling humansize v2.1.3\n   Compiling num-bigint v0.4.6\n   Compiling ppv-lite86 v0.2.21\n   Compiling rand_chacha v0.9.0\n   Compiling rand_chacha v0.3.1\n   Compiling rand v0.9.1\n   Compiling num-rational v0.4.2\n   Compiling ragit-fs v0.4.0 (/home/baehyunsol/Documents/ragit/crates/fs)\n   Compiling regex v1.11.1\n   Compiling av1-grain v0.2.3\n   Compiling parse-zoneinfo v0.3.1\n   Compiling chrono-tz-build v0.3.0\n   Compiling maybe-rayon v0.1.1\n   Compiling chrono-tz v0.9.0\n   Compiling globset v0.4.16\n   Compiling thiserror-impl v2.0.12\n   Compiling thiserror-impl v1.0.69\n   Compiling profiling-procmacros v1.0.16\n   Compiling serde_derive v1.0.219\n   Compiling arg_enum_proc_macro v0.3.4\n   Compiling num-derive v0.4.2\n   Compiling ignore v0.4.23\n   Compiling profiling v1.0.16\n   Compiling globwalk v0.9.1\n   Compiling pest v2.8.0\n   Compiling pest_meta v2.8.0\n   Compiling pest_generator v2.8.0\n   Compiling pest_derive v2.8.0\n   Compiling ravif v0.11.12\n   Compiling tera v1.20.0\n   Compiling image v0.25.6\n   Compiling ragit-pdl v0.4.0 (/home/baehyunsol/Documents/ragit/crates/pdl)\nerror[E0308]: mismatched types\n  --> src/schema/tests.rs:71:35\n   |\n71 |         let schema = parse_schema(schema_str.as_bytes()).unwrap();\n   |                      ------------ ^^^^^^^^^^^^^^^^^^^^^ expected `&str`, found `&[u8]`\n   |                      |\n   |                      arguments to this function are incorrect\n   |\n   = note: expected reference `&str`\n              found reference `&[u8]`\nnote: function defined here\n  --> src/schema/parse.rs:65:8\n   |\n65 | pub fn parse_schema(s: &str) -> Result<Schema, SchemaParseError> {\n   |        ^^^^^^^^^^^^ -------\nhelp: try removing the method call\n   |\n71 -         let schema = parse_schema(schema_str.as_bytes()).unwrap();\n71 +         let schema = parse_schema(schema_str).unwrap();\n   |\n\nerror[E0308]: mismatched types\n   --> src/schema/tests.rs:212:36\n    |\n212 |         let is_okay = parse_schema(schema.as_bytes()).is_ok();\n    |                       ------------ ^^^^^^^^^^^^^^^^^ expected `&str`, found `&[u8]`\n    |                       |\n    |                       arguments to this function are incorrect\n    |\n    = note: expected reference `&str`\n               found reference `&[u8]`\nnote: function defined here\n   --> src/schema/parse.rs:65:8\n    |\n65  | pub fn parse_schema(s: &str) -> Result<Schema, SchemaParseError> {\n    |        ^^^^^^^^^^^^ -------\nhelp: try removing the method call\n    |\n212 -         let is_okay = parse_schema(schema.as_bytes()).is_ok();\n212 +         let is_okay = parse_schema(schema).is_ok();\n    |\n\nerror[E0308]: mismatched types\n   --> src/schema/tests.rs:292:35\n    |\n292 |         let schema = parse_schema(schema_str.as_bytes()).unwrap();\n    |                      ------------ ^^^^^^^^^^^^^^^^^^^^^ expected `&str`, found `&[u8]`\n    |                      |\n    |                      arguments to this function are incorrect\n    |\n    = note: expected reference `&str`\n               found reference `&[u8]`\nnote: function defined here\n   --> src/schema/parse.rs:65:8\n    |\n65  | pub fn parse_schema(s: &str) -> Result<Schema, SchemaParseError> {\n    |        ^^^^^^^^^^^^ -------\nhelp: try removing the method call\n    |\n292 -         let schema = parse_schema(schema_str.as_bytes()).unwrap();\n292 +         let schema = parse_schema(schema_str).unwrap();\n    |\n\nFor more information about this error, try `rustc --explain E0308`.\nerror: could not compile `ragit-pdl` (lib test) due to 3 previous errors\n\n\n\n\n#####################\n### path: command ###\n/home/baehyunsol/Documents/ragit/crates/pdl: cargo test --release\n\n### status_code ###\n101\n\n### stdout ###\n\n\n### stderr ###\n   Compiling proc-macro2 v1.0.95\n   Compiling unicode-ident v1.0.18\n   Compiling cfg-if v1.0.0\n   Compiling libc v0.2.172\n   Compiling autocfg v1.4.0\n   Compiling memchr v2.7.4\n   Compiling crossbeam-utils v0.8.21\n   Compiling thiserror v2.0.12\n   Compiling siphasher v1.0.1\n   Compiling zerocopy v0.8.25\n   Compiling log v0.4.27\n   Compiling regex-syntax v0.8.5\n   Compiling rand_core v0.6.4\n   Compiling simd-adler32 v0.3.7\n   Compiling rayon-core v1.12.1\n   Compiling getrandom v0.3.3\n   Compiling either v1.15.0\n   Compiling adler2 v2.0.0\n   Compiling anyhow v1.0.98\n   Compiling aligned-vec v0.5.0\n   Compiling built v0.7.7\n   Compiling minimal-lexical v0.2.1\n   Compiling arrayvec v0.7.6\n   Compiling ucd-trie v0.1.7\n   Compiling thiserror v1.0.69\n   Compiling paste v1.0.15\n   Compiling same-file v1.0.6\n   Compiling serde v1.0.219\n   Compiling libm v0.2.15\n   Compiling iana-time-zone v0.1.63\n   Compiling crc32fast v1.4.2\n   Compiling once_cell v1.21.3\n   Compiling rand v0.8.5\n   Compiling unic-common v0.9.0\n   Compiling unic-char-range v0.9.0\n   Compiling phf_shared v0.11.3\n   Compiling miniz_oxide v0.8.8\n   Compiling unic-char-property v0.9.0\n   Compiling itertools v0.12.1\n   Compiling unic-ucd-version v0.9.0\n   Compiling phf v0.11.3\n   Compiling weezl v0.1.8\n   Compiling num-traits v0.2.19\n   Compiling quick-error v2.0.1\n   Compiling bitstream-io v2.6.0\n   Compiling noop_proc_macro v0.3.0\n   Compiling new_debug_unreachable v1.0.6\n   Compiling serde_json v1.0.140\n   Compiling walkdir v2.5.0\n   Compiling imgref v1.11.0\n   Compiling unic-ucd-segment v0.9.0\n   Compiling fdeflate v0.3.7\n   Compiling zune-inflate v0.2.54\n   Compiling half v2.6.0\n   Compiling bit_field v0.10.2\n   Compiling rav1e v0.7.1\n   Compiling ryu v1.0.20\n   Compiling smallvec v1.15.0\n   Compiling itoa v1.0.15\n   Compiling loop9 v0.1.5\n   Compiling avif-serialize v0.8.3\n   Compiling byteorder-lite v0.1.0\n   Compiling zune-core v0.4.12\n   Compiling jpeg-decoder v0.3.1\n   Compiling flate2 v1.1.1\n   Compiling quote v1.0.40\n   Compiling aho-corasick v1.1.3\n   Compiling crossbeam-epoch v0.9.18\n   Compiling phf_generator v0.11.3\n   Compiling bstr v1.12.0\n   Compiling nom v7.1.3\n   Compiling syn v2.0.101\n   Compiling getrandom v0.2.16\n   Compiling bitflags v1.3.2\n   Compiling phf_codegen v0.11.3\n   Compiling rgb v0.8.50\n   Compiling simd_helpers v0.1.0\n   Compiling bitflags v2.9.1\n   Compiling color_quant v1.1.0\n   Compiling crossbeam-deque v0.8.6\n   Compiling rand_core v0.9.3\n   Compiling lebe v0.5.2\n   Compiling bytemuck v1.23.0\n   Compiling deunicode v1.6.2\n   Compiling regex-automata v0.4.9\n   Compiling num-integer v0.1.46\n   Compiling v_frame v0.3.8\n   Compiling chrono v0.4.41\n   Compiling png v0.17.16\n   Compiling gif v0.13.1\n   Compiling image-webp v0.2.1\n   Compiling slug v0.1.6\n   Compiling qoi v0.4.1\n   Compiling unic-segment v0.9.0\n   Compiling zune-jpeg v0.4.14\n   Compiling lazy_static v1.5.0\n   Compiling pathdiff v0.2.3\n   Compiling percent-encoding v2.3.1\n   Compiling tiff v0.9.1\n   Compiling base64 v0.22.1\n   Compiling num-bigint v0.4.6\n   Compiling ppv-lite86 v0.2.21\n   Compiling rayon v1.10.0\n   Compiling exr v1.73.0\n   Compiling humansize v2.1.3\n   Compiling rand_chacha v0.3.1\n   Compiling rand_chacha v0.9.0\n   Compiling rand v0.9.1\n   Compiling num-rational v0.4.2\n   Compiling ragit-fs v0.4.0 (/home/baehyunsol/Documents/ragit/crates/fs)\n   Compiling regex v1.11.1\n   Compiling av1-grain v0.2.3\n   Compiling parse-zoneinfo v0.3.1\n   Compiling chrono-tz-build v0.3.0\n   Compiling chrono-tz v0.9.0\n   Compiling maybe-rayon v0.1.1\n   Compiling globset v0.4.16\n   Compiling ignore v0.4.23\n   Compiling thiserror-impl v2.0.12\n   Compiling thiserror-impl v1.0.69\n   Compiling profiling-procmacros v1.0.16\n   Compiling num-derive v0.4.2\n   Compiling serde_derive v1.0.219\n   Compiling arg_enum_proc_macro v0.3.4\n   Compiling profiling v1.0.16\n   Compiling globwalk v0.9.1\n   Compiling pest v2.8.0\n   Compiling pest_meta v2.8.0\n   Compiling pest_generator v2.8.0\n   Compiling pest_derive v2.8.0\n   Compiling tera v1.20.0\n   Compiling ravif v0.11.12\n   Compiling image v0.25.6\n   Compiling ragit-pdl v0.4.0 (/home/baehyunsol/Documents/ragit/crates/pdl)\nerror[E0308]: mismatched types\n  --> src/schema/tests.rs:71:35\n   |\n71 |         let schema = parse_schema(schema_str.as_bytes()).unwrap();\n   |                      ------------ ^^^^^^^^^^^^^^^^^^^^^ expected `&str`, found `&[u8]`\n   |                      |\n   |                      arguments to this function are incorrect\n   |\n   = note: expected reference `&str`\n              found reference `&[u8]`\nnote: function defined here\n  --> src/schema/parse.rs:65:8\n   |\n65 | pub fn parse_schema(s: &str) -> Result<Schema, SchemaParseError> {\n   |        ^^^^^^^^^^^^ -------\nhelp: try removing the method call\n   |\n71 -         let schema = parse_schema(schema_str.as_bytes()).unwrap();\n71 +         let schema = parse_schema(schema_str).unwrap();\n   |\n\nerror[E0308]: mismatched types\n   --> src/schema/tests.rs:212:36\n    |\n212 |         let is_okay = parse_schema(schema.as_bytes()).is_ok();\n    |                       ------------ ^^^^^^^^^^^^^^^^^ expected `&str`, found `&[u8]`\n    |                       |\n    |                       arguments to this function are incorrect\n    |\n    = note: expected reference `&str`\n               found reference `&[u8]`\nnote: function defined here\n   --> src/schema/parse.rs:65:8\n    |\n65  | pub fn parse_schema(s: &str) -> Result<Schema, SchemaParseError> {\n    |        ^^^^^^^^^^^^ -------\nhelp: try removing the method call\n    |\n212 -         let is_okay = parse_schema(schema.as_bytes()).is_ok();\n212 +         let is_okay = parse_schema(schema).is_ok();\n    |\n\nerror[E0308]: mismatched types\n   --> src/schema/tests.rs:292:35\n    |\n292 |         let schema = parse_schema(schema_str.as_bytes()).unwrap();\n    |                      ------------ ^^^^^^^^^^^^^^^^^^^^^ expected `&str`, found `&[u8]`\n    |                      |\n    |                      arguments to this function are incorrect\n    |\n    = note: expected reference `&str`\n               found reference `&[u8]`\nnote: function defined here\n   --> src/schema/parse.rs:65:8\n    |\n65  | pub fn parse_schema(s: &str) -> Result<Schema, SchemaParseError> {\n    |        ^^^^^^^^^^^^ -------\nhelp: try removing the method call\n    |\n292 -         let schema = parse_schema(schema_str.as_bytes()).unwrap();\n292 +         let schema = parse_schema(schema_str).unwrap();\n    |\n\nFor more information about this error, try `rustc --explain E0308`.\nerror: could not compile `ragit-pdl` (lib test) due to 3 previous errors\n\n\nTraceback (most recent call last):\n  File \"/home/baehyunsol/Documents/ragit/tests/tests.py\", line 621, in <module>\n    test()\n  File \"/home/baehyunsol/Documents/ragit/tests/cargo_tests.py\", line 46, in cargo_tests\n    raise Exception(\"\\n\\n\".join(errors))\nException: \n#####################\n### path: command ###\n/home/baehyunsol/Documents/ragit/crates/pdl: cargo test\n\n### status_code ###\n101\n\n### stdout ###\n\n\n### stderr ###\n    Updating crates.io index\n     Locking 196 packages to latest Rust 1.87.0-nightly compatible versions\n   Compiling proc-macro2 v1.0.95\n   Compiling unicode-ident v1.0.18\n   Compiling cfg-if v1.0.0\n   Compiling memchr v2.7.4\n   Compiling libc v0.2.172\n   Compiling autocfg v1.4.0\n   Compiling crossbeam-utils v0.8.21\n   Compiling siphasher v1.0.1\n   Compiling zerocopy v0.8.25\n   Compiling rand_core v0.6.4\n   Compiling rayon-core v1.12.1\n   Compiling regex-syntax v0.8.5\n   Compiling log v0.4.27\n   Compiling simd-adler32 v0.3.7\n   Compiling thiserror v2.0.12\n   Compiling once_cell v1.21.3\n   Compiling either v1.15.0\n   Compiling adler2 v2.0.0\n   Compiling getrandom v0.3.3\n   Compiling anyhow v1.0.98\n   Compiling built v0.7.7\n   Compiling paste v1.0.15\n   Compiling arrayvec v0.7.6\n   Compiling minimal-lexical v0.2.1\n   Compiling thiserror v1.0.69\n   Compiling ucd-trie v0.1.7\n   Compiling aligned-vec v0.5.0\n   Compiling unic-char-range v0.9.0\n   Compiling iana-time-zone v0.1.63\n   Compiling unic-common v0.9.0\n   Compiling serde v1.0.219\n   Compiling crc32fast v1.4.2\n   Compiling libm v0.2.15\n   Compiling rand v0.8.5\n   Compiling same-file v1.0.6\n   Compiling miniz_oxide v0.8.8\n   Compiling bitstream-io v2.6.0\n   Compiling itertools v0.12.1\n   Compiling serde_json v1.0.140\n   Compiling walkdir v2.5.0\n   Compiling new_debug_unreachable v1.0.6\n   Compiling phf_shared v0.11.3\n   Compiling unic-char-property v0.9.0\n   Compiling unic-ucd-version v0.9.0\n   Compiling noop_proc_macro v0.3.0\n   Compiling imgref v1.11.0\n   Compiling quick-error v2.0.1\n   Compiling weezl v0.1.8\n   Compiling unic-ucd-segment v0.9.0\n   Compiling fdeflate v0.3.7\n   Compiling phf v0.11.3\n   Compiling num-traits v0.2.19\n   Compiling zune-inflate v0.2.54\n   Compiling half v2.6.0\n   Compiling bitflags v1.3.2\n   Compiling rav1e v0.7.1\n   Compiling lebe v0.5.2\n   Compiling aho-corasick v1.1.3\n   Compiling nom v7.1.3\n   Compiling bstr v1.12.0\n   Compiling loop9 v0.1.5\n   Compiling avif-serialize v0.8.3\n   Compiling byteorder-lite v0.1.0\n   Compiling bit_field v0.10.2\n   Compiling smallvec v1.15.0\n   Compiling jpeg-decoder v0.3.1\n   Compiling ryu v1.0.20\n   Compiling phf_generator v0.11.3\n   Compiling deunicode v1.6.2\n   Compiling itoa v1.0.15\n   Compiling zune-core v0.4.12\n   Compiling bitflags v2.9.1\n   Compiling phf_codegen v0.11.3\n   Compiling quote v1.0.40\n   Compiling bytemuck v1.23.0\n   Compiling crossbeam-epoch v0.9.18\n   Compiling flate2 v1.1.1\n   Compiling rgb v0.8.50\n   Compiling color_quant v1.1.0\n   Compiling unic-segment v0.9.0\n   Compiling image-webp v0.2.1\n   Compiling zune-jpeg v0.4.14\n   Compiling pathdiff v0.2.3\n   Compiling percent-encoding v2.3.1\n   Compiling slug v0.1.6\n   Compiling lazy_static v1.5.0\n   Compiling base64 v0.22.1\n   Compiling gif v0.13.1\n   Compiling syn v2.0.101\n   Compiling simd_helpers v0.1.0\n   Compiling crossbeam-deque v0.8.6\n   Compiling qoi v0.4.1\n   Compiling png v0.17.16\n   Compiling regex-automata v0.4.9\n   Compiling num-integer v0.1.46\n   Compiling v_frame v0.3.8\n   Compiling chrono v0.4.41\n   Compiling getrandom v0.2.16\n   Compiling tiff v0.9.1\n   Compiling rand_core v0.9.3\n   Compiling rayon v1.10.0\n   Compiling exr v1.73.0\n   Compiling humansize v2.1.3\n   Compiling num-bigint v0.4.6\n   Compiling ppv-lite86 v0.2.21\n   Compiling rand_chacha v0.9.0\n   Compiling rand_chacha v0.3.1\n   Compiling rand v0.9.1\n   Compiling num-rational v0.4.2\n   Compiling ragit-fs v0.4.0 (/home/baehyunsol/Documents/ragit/crates/fs)\n   Compiling regex v1.11.1\n   Compiling av1-grain v0.2.3\n   Compiling parse-zoneinfo v0.3.1\n   Compiling chrono-tz-build v0.3.0\n   Compiling maybe-rayon v0.1.1\n   Compiling chrono-tz v0.9.0\n   Compiling globset v0.4.16\n   Compiling thiserror-impl v2.0.12\n   Compiling thiserror-impl v1.0.69\n   Compiling profiling-procmacros v1.0.16\n   Compiling serde_derive v1.0.219\n   Compiling arg_enum_proc_macro v0.3.4\n   Compiling num-derive v0.4.2\n   Compiling ignore v0.4.23\n   Compiling profiling v1.0.16\n   Compiling globwalk v0.9.1\n   Compiling pest v2.8.0\n   Compiling pest_meta v2.8.0\n   Compiling pest_generator v2.8.0\n   Compiling pest_derive v2.8.0\n   Compiling ravif v0.11.12\n   Compiling tera v1.20.0\n   Compiling image v0.25.6\n   Compiling ragit-pdl v0.4.0 (/home/baehyunsol/Documents/ragit/crates/pdl)\nerror[E0308]: mismatched types\n  --> src/schema/tests.rs:71:35\n   |\n71 |         let schema = parse_schema(schema_str.as_bytes()).unwrap();\n   |                      ------------ ^^^^^^^^^^^^^^^^^^^^^ expected `&str`, found `&[u8]`\n   |                      |\n   |                      arguments to this function are incorrect\n   |\n   = note: expected reference `&str`\n              found reference `&[u8]`\nnote: function defined here\n  --> src/schema/parse.rs:65:8\n   |\n65 | pub fn parse_schema(s: &str) -> Result<Schema, SchemaParseError> {\n   |        ^^^^^^^^^^^^ -------\nhelp: try removing the method call\n   |\n71 -         let schema = parse_schema(schema_str.as_bytes()).unwrap();\n71 +         let schema = parse_schema(schema_str).unwrap();\n   |\n\nerror[E0308]: mismatched types\n   --> src/schema/tests.rs:212:36\n    |\n212 |         let is_okay = parse_schema(schema.as_bytes()).is_ok();\n    |                       ------------ ^^^^^^^^^^^^^^^^^ expected `&str`, found `&[u8]`\n    |                       |\n    |                       arguments to this function are incorrect\n    |\n    = note: expected reference `&str`\n               found reference `&[u8]`\nnote: function defined here\n   --> src/schema/parse.rs:65:8\n    |\n65  | pub fn parse_schema(s: &str) -> Result<Schema, SchemaParseError> {\n    |        ^^^^^^^^^^^^ -------\nhelp: try removing the method call\n    |\n212 -         let is_okay = parse_schema(schema.as_bytes()).is_ok();\n212 +         let is_okay = parse_schema(schema).is_ok();\n    |\n\nerror[E0308]: mismatched types\n   --> src/schema/tests.rs:292:35\n    |\n292 |         let schema = parse_schema(schema_str.as_bytes()).unwrap();\n    |                      ------------ ^^^^^^^^^^^^^^^^^^^^^ expected `&str`, found `&[u8]`\n    |                      |\n    |                      arguments to this function are incorrect\n    |\n    = note: expected reference `&str`\n               found reference `&[u8]`\nnote: function defined here\n   --> src/schema/parse.rs:65:8\n    |\n65  | pub fn parse_schema(s: &str) -> Result<Schema, SchemaParseError> {\n    |        ^^^^^^^^^^^^ -------\nhelp: try removing the method call\n    |\n292 -         let schema = parse_schema(schema_str.as_bytes()).unwrap();\n292 +         let schema = parse_schema(schema_str).unwrap();\n    |\n\nFor more information about this error, try `rustc --explain E0308`.\nerror: could not compile `ragit-pdl` (lib test) due to 3 previous errors\n\n\n\n\n#####################\n### path: command ###\n/home/baehyunsol/Documents/ragit/crates/pdl: cargo test --release\n\n### status_code ###\n101\n\n### stdout ###\n\n\n### stderr ###\n   Compiling proc-macro2 v1.0.95\n   Compiling unicode-ident v1.0.18\n   Compiling cfg-if v1.0.0\n   Compiling libc v0.2.172\n   Compiling autocfg v1.4.0\n   Compiling memchr v2.7.4\n   Compiling crossbeam-utils v0.8.21\n   Compiling thiserror v2.0.12\n   Compiling siphasher v1.0.1\n   Compiling zerocopy v0.8.25\n   Compiling log v0.4.27\n   Compiling regex-syntax v0.8.5\n   Compiling rand_core v0.6.4\n   Compiling simd-adler32 v0.3.7\n   Compiling rayon-core v1.12.1\n   Compiling getrandom v0.3.3\n   Compiling either v1.15.0\n   Compiling adler2 v2.0.0\n   Compiling anyhow v1.0.98\n   Compiling aligned-vec v0.5.0\n   Compiling built v0.7.7\n   Compiling minimal-lexical v0.2.1\n   Compiling arrayvec v0.7.6\n   Compiling ucd-trie v0.1.7\n   Compiling thiserror v1.0.69\n   Compiling paste v1.0.15\n   Compiling same-file v1.0.6\n   Compiling serde v1.0.219\n   Compiling libm v0.2.15\n   Compiling iana-time-zone v0.1.63\n   Compiling crc32fast v1.4.2\n   Compiling once_cell v1.21.3\n   Compiling rand v0.8.5\n   Compiling unic-common v0.9.0\n   Compiling unic-char-range v0.9.0\n   Compiling phf_shared v0.11.3\n   Compiling miniz_oxide v0.8.8\n   Compiling unic-char-property v0.9.0\n   Compiling itertools v0.12.1\n   Compiling unic-ucd-version v0.9.0\n   Compiling phf v0.11.3\n   Compiling weezl v0.1.8\n   Compiling num-traits v0.2.19\n   Compiling quick-error v2.0.1\n   Compiling bitstream-io v2.6.0\n   Compiling noop_proc_macro v0.3.0\n   Compiling new_debug_unreachable v1.0.6\n   Compiling serde_json v1.0.140\n   Compiling walkdir v2.5.0\n   Compiling imgref v1.11.0\n   Compiling unic-ucd-segment v0.9.0\n   Compiling fdeflate v0.3.7\n   Compiling zune-inflate v0.2.54\n   Compiling half v2.6.0\n   Compiling bit_field v0.10.2\n   Compiling rav1e v0.7.1\n   Compiling ryu v1.0.20\n   Compiling smallvec v1.15.0\n   Compiling itoa v1.0.15\n   Compiling loop9 v0.1.5\n   Compiling avif-serialize v0.8.3\n   Compiling byteorder-lite v0.1.0\n   Compiling zune-core v0.4.12\n   Compiling jpeg-decoder v0.3.1\n   Compiling flate2 v1.1.1\n   Compiling quote v1.0.40\n   Compiling aho-corasick v1.1.3\n   Compiling crossbeam-epoch v0.9.18\n   Compiling phf_generator v0.11.3\n   Compiling bstr v1.12.0\n   Compiling nom v7.1.3\n   Compiling syn v2.0.101\n   Compiling getrandom v0.2.16\n   Compiling bitflags v1.3.2\n   Compiling phf_codegen v0.11.3\n   Compiling rgb v0.8.50\n   Compiling simd_helpers v0.1.0\n   Compiling bitflags v2.9.1\n   Compiling color_quant v1.1.0\n   Compiling crossbeam-deque v0.8.6\n   Compiling rand_core v0.9.3\n   Compiling lebe v0.5.2\n   Compiling bytemuck v1.23.0\n   Compiling deunicode v1.6.2\n   Compiling regex-automata v0.4.9\n   Compiling num-integer v0.1.46\n   Compiling v_frame v0.3.8\n   Compiling chrono v0.4.41\n   Compiling png v0.17.16\n   Compiling gif v0.13.1\n   Compiling image-webp v0.2.1\n   Compiling slug v0.1.6\n   Compiling qoi v0.4.1\n   Compiling unic-segment v0.9.0\n   Compiling zune-jpeg v0.4.14\n   Compiling lazy_static v1.5.0\n   Compiling pathdiff v0.2.3\n   Compiling percent-encoding v2.3.1\n   Compiling tiff v0.9.1\n   Compiling base64 v0.22.1\n   Compiling num-bigint v0.4.6\n   Compiling ppv-lite86 v0.2.21\n   Compiling rayon v1.10.0\n   Compiling exr v1.73.0\n   Compiling humansize v2.1.3\n   Compiling rand_chacha v0.3.1\n   Compiling rand_chacha v0.9.0\n   Compiling rand v0.9.1\n   Compiling num-rational v0.4.2\n   Compiling ragit-fs v0.4.0 (/home/baehyunsol/Documents/ragit/crates/fs)\n   Compiling regex v1.11.1\n   Compiling av1-grain v0.2.3\n   Compiling parse-zoneinfo v0.3.1\n   Compiling chrono-tz-build v0.3.0\n   Compiling chrono-tz v0.9.0\n   Compiling maybe-rayon v0.1.1\n   Compiling globset v0.4.16\n   Compiling ignore v0.4.23\n   Compiling thiserror-impl v2.0.12\n   Compiling thiserror-impl v1.0.69\n   Compiling profiling-procmacros v1.0.16\n   Compiling num-derive v0.4.2\n   Compiling serde_derive v1.0.219\n   Compiling arg_enum_proc_macro v0.3.4\n   Compiling profiling v1.0.16\n   Compiling globwalk v0.9.1\n   Compiling pest v2.8.0\n   Compiling pest_meta v2.8.0\n   Compiling pest_generator v2.8.0\n   Compiling pest_derive v2.8.0\n   Compiling tera v1.20.0\n   Compiling ravif v0.11.12\n   Compiling image v0.25.6\n   Compiling ragit-pdl v0.4.0 (/home/baehyunsol/Documents/ragit/crates/pdl)\nerror[E0308]: mismatched types\n  --> src/schema/tests.rs:71:35\n   |\n71 |         let schema = parse_schema(schema_str.as_bytes()).unwrap();\n   |                      ------------ ^^^^^^^^^^^^^^^^^^^^^ expected `&str`, found `&[u8]`\n   |                      |\n   |                      arguments to this function are incorrect\n   |\n   = note: expected reference `&str`\n              found reference `&[u8]`\nnote: function defined here\n  --> src/schema/parse.rs:65:8\n   |\n65 | pub fn parse_schema(s: &str) -> Result<Schema, SchemaParseError> {\n   |        ^^^^^^^^^^^^ -------\nhelp: try removing the method call\n   |\n71 -         let schema = parse_schema(schema_str.as_bytes()).unwrap();\n71 +         let schema = parse_schema(schema_str).unwrap();\n   |\n\nerror[E0308]: mismatched types\n   --> src/schema/tests.rs:212:36\n    |\n212 |         let is_okay = parse_schema(schema.as_bytes()).is_ok();\n    |                       ------------ ^^^^^^^^^^^^^^^^^ expected `&str`, found `&[u8]`\n    |                       |\n    |                       arguments to this function are incorrect\n    |\n    = note: expected reference `&str`\n               found reference `&[u8]`\nnote: function defined here\n   --> src/schema/parse.rs:65:8\n    |\n65  | pub fn parse_schema(s: &str) -> Result<Schema, SchemaParseError> {\n    |        ^^^^^^^^^^^^ -------\nhelp: try removing the method call\n    |\n212 -         let is_okay = parse_schema(schema.as_bytes()).is_ok();\n212 +         let is_okay = parse_schema(schema).is_ok();\n    |\n\nerror[E0308]: mismatched types\n   --> src/schema/tests.rs:292:35\n    |\n292 |         let schema = parse_schema(schema_str.as_bytes()).unwrap();\n    |                      ------------ ^^^^^^^^^^^^^^^^^^^^^ expected `&str`, found `&[u8]`\n    |                      |\n    |                      arguments to this function are incorrect\n    |\n    = note: expected reference `&str`\n               found reference `&[u8]`\nnote: function defined here\n   --> src/schema/parse.rs:65:8\n    |\n65  | pub fn parse_schema(s: &str) -> Result<Schema, SchemaParseError> {\n    |        ^^^^^^^^^^^^ -------\nhelp: try removing the method call\n    |\n292 -         let schema = parse_schema(schema_str.as_bytes()).unwrap();\n292 +         let schema = parse_schema(schema_str).unwrap();\n    |\n\nFor more information about this error, try `rustc --explain E0308`.\nerror: could not compile `ragit-pdl` (lib test) due to 3 previous errors\n\n\n",
            "elapsed_ms": 285060
        },
        "add_and_rm": {
            "seq": 1,
            "pass": true,
            "error": null,
            "elapsed_ms": 35656
        },
        "add_and_rm2": {
            "seq": 2,
            "pass": true,
            "error": null,
            "elapsed_ms": 11820
        },
        "ignore": {
            "seq": 3,
            "pass": true,
            "error": null,
            "elapsed_ms": 3194
        },
        "recover": {
            "seq": 4,
            "pass": true,
            "error": null,
            "elapsed_ms": 3084
        },
        "clone": {
            "seq": 5,
            "pass": true,
            "error": null,
            "elapsed_ms": 141602
        },
        "clone_empty": {
            "seq": 6,
            "pass": true,
            "error": null,
            "elapsed_ms": 5215
        },
        "server": {
            "seq": 7,
            "pass": false,
            "error": "Command '['cargo', 'run', '--release', '--', 'meta', '--set', 'whatever-key', 'whatever-value']' returned non-zero exit status 1.\nTraceback (most recent call last):\n  File \"/home/baehyunsol/Documents/ragit/tests/tests.py\", line 621, in <module>\n    test()\n  File \"/home/baehyunsol/Documents/ragit/tests/server.py\", line 47, in server\n    cargo_run([\"meta\", \"--set\", \"whatever-key\", \"whatever-value\"])\n  File \"/home/baehyunsol/Documents/ragit/tests/utils.py\", line 70, in cargo_run\n    result = subprocess.run(args, **kwargs)\n  File \"/usr/lib/python3.10/subprocess.py\", line 526, in run\n    raise CalledProcessError(retcode, process.args,\nsubprocess.CalledProcessError: Command '['cargo', 'run', '--release', '--', 'meta', '--set', 'whatever-key', 'whatever-value']' returned non-zero exit status 1.\n",
            "elapsed_ms": 3929
        },
        "server_permission": {
            "seq": 8,
            "pass": false,
            "error": "\nTraceback (most recent call last):\n  File \"/home/baehyunsol/Documents/ragit/tests/tests.py\", line 621, in <module>\n    test()\n  File \"/home/baehyunsol/Documents/ragit/tests/server_permission.py\", line 23, in server_permission\n    create_user(id=\"test-user-2\", email=\"sample2@email.com\", password=\"abcdefgh\")\n  File \"/home/baehyunsol/Documents/ragit/tests/server.py\", line 186, in create_user\n    assert response.status_code == 200\nAssertionError\n",
            "elapsed_ms": 1604
        },
        "cli": {
            "seq": 9,
            "pass": true,
            "error": null,
            "elapsed_ms": 5632
        },
        "archive": {
            "seq": 10,
            "pass": false,
            "error": "Command '['cargo', 'run', '--release', '--', 'meta', '--set', 'test', 'test']' returned non-zero exit status 1.\nTraceback (most recent call last):\n  File \"/home/baehyunsol/Documents/ragit/tests/tests.py\", line 621, in <module>\n    test()\n  File \"/home/baehyunsol/Documents/ragit/tests/archive.py\", line 35, in archive\n    cargo_run([\"meta\", \"--set\", \"test\", \"test\"])\n  File \"/home/baehyunsol/Documents/ragit/tests/utils.py\", line 70, in cargo_run\n    result = subprocess.run(args, **kwargs)\n  File \"/usr/lib/python3.10/subprocess.py\", line 526, in run\n    raise CalledProcessError(retcode, process.args,\nsubprocess.CalledProcessError: Command '['cargo', 'run', '--release', '--', 'meta', '--set', 'test', 'test']' returned non-zero exit status 1.\n",
            "elapsed_ms": 2888
        },
        "many_chunks": {
            "seq": 11,
            "pass": true,
            "error": null,
            "elapsed_ms": 521978
        },
        "many_jobs": {
            "seq": 12,
            "pass": true,
            "error": null,
            "elapsed_ms": 161938
        },
        "ls": {
            "seq": 13,
            "pass": true,
            "error": null,
            "elapsed_ms": 63439
        },
        "meta": {
            "seq": 14,
            "pass": false,
            "error": "Expecting value: line 1 column 1 (char 0)\nTraceback (most recent call last):\n  File \"/home/baehyunsol/Documents/ragit/tests/tests.py\", line 621, in <module>\n    test()\n  File \"/home/baehyunsol/Documents/ragit/tests/meta.py\", line 52, in meta\n    assert json.loads(cargo_run([\"meta\", \"--get-all\"], stdout=True)) == metadata\n  File \"/usr/lib/python3.10/json/__init__.py\", line 346, in loads\n    return _default_decoder.decode(s)\n  File \"/usr/lib/python3.10/json/decoder.py\", line 337, in decode\n    obj, end = self.raw_decode(s, idx=_w(s, 0).end())\n  File \"/usr/lib/python3.10/json/decoder.py\", line 355, in raw_decode\n    raise JSONDecodeError(\"Expecting value\", s, err.value) from None\njson.decoder.JSONDecodeError: Expecting value: line 1 column 1 (char 0)\n",
            "elapsed_ms": 358
        },
        "symlink": {
            "seq": 15,
            "pass": true,
            "error": null,
            "elapsed_ms": 3102
        },
        "ii": {
            "seq": 16,
            "pass": false,
            "error": "tfidf result on term 'search gpg annot select correspond' is not close enough. error: `approximation[2] not in answer`, answer: ['3e0d93ece16c10490435c08b7b755db9a57e53b818a9e62c0000000100000fa3', 'c5719c769542cb0cde49558784948082703f2da9618c29d80000000100000fb3', '6d1b2eeef26e5ce9672e62a7ca43412c66b86ad0e48d27620000000100000fa0', '606389435f969a017ad1cf63a7a30eba0d1a08c743efea9f0000000100000318', 'f386d96798aad5baf548b6985b367932bdc89483b756b515000000010000081f', 'c66345d5ab119b4cf05a6899472b54a4fd0041ee2b83b9f80000000100000fa2', 'bf8735875031f53ccd50e48e6674d9ac64c90f68bb0c7edb0000000100000fa0', '509b4b369f9f9729365a6947ce43335209d934562feeb7220000000100000fa2', '82ad9747a31109a3ef965e4168a0968cb56a448390416e290000000100000bf5', 'b632241f25a98c9320097079669e1acd10afd534e67ec2600000000100000fa2'], approximation: ['3e0d93ece16c10490435c08b7b755db9a57e53b818a9e62c0000000100000fa3', 'b632241f25a98c9320097079669e1acd10afd534e67ec2600000000100000fa2', '90a25e1efdafffab6369490140eecabb90ab0649108feeff0000000100000cd4', 'bf8735875031f53ccd50e48e6674d9ac64c90f68bb0c7edb0000000100000fa0', '5cdbfe828a4a84a4129bda3cc32bb8376914275561fa6a1a0000000100000da8', 'c5719c769542cb0cde49558784948082703f2da9618c29d80000000100000fb3', '0833e100c47da17ca6a2d202310483ed3c08f75ec2cfbf4a0000000100000c67', '1ff3d753fa4b857385f748c5d02a7371332241a8579211f9000000010000075c', '6f305111c4ab2bb2243ce34889afb4f72dff498303da56890000000100000c1e', '6d1b2eeef26e5ce9672e62a7ca43412c66b86ad0e48d27620000000100000fa0']\nTraceback (most recent call last):\n  File \"/home/baehyunsol/Documents/ragit/tests/ii.py\", line 103, in ii_worker\n    raise AssertionError(f\"approximation[{i}] not in answer\")\nAssertionError: approximation[2] not in answer\n\nDuring handling of the above exception, another exception occurred:\n\nTraceback (most recent call last):\n  File \"/home/baehyunsol/Documents/ragit/tests/tests.py\", line 621, in <module>\n    test()\n  File \"/home/baehyunsol/Documents/ragit/tests/ii.py\", line 49, in ii\n    ii_worker()\n  File \"/home/baehyunsol/Documents/ragit/tests/ii.py\", line 116, in ii_worker\n    raise AssertionError(f\"tfidf result on term '{term}' is not close enough. error: `{e}`, answer: {answer}, approximation: {approximation}\")\nAssertionError: tfidf result on term 'search gpg annot select correspond' is not close enough. error: `approximation[2] not in answer`, answer: ['3e0d93ece16c10490435c08b7b755db9a57e53b818a9e62c0000000100000fa3', 'c5719c769542cb0cde49558784948082703f2da9618c29d80000000100000fb3', '6d1b2eeef26e5ce9672e62a7ca43412c66b86ad0e48d27620000000100000fa0', '606389435f969a017ad1cf63a7a30eba0d1a08c743efea9f0000000100000318', 'f386d96798aad5baf548b6985b367932bdc89483b756b515000000010000081f', 'c66345d5ab119b4cf05a6899472b54a4fd0041ee2b83b9f80000000100000fa2', 'bf8735875031f53ccd50e48e6674d9ac64c90f68bb0c7edb0000000100000fa0', '509b4b369f9f9729365a6947ce43335209d934562feeb7220000000100000fa2', '82ad9747a31109a3ef965e4168a0968cb56a448390416e290000000100000bf5', 'b632241f25a98c9320097079669e1acd10afd534e67ec2600000000100000fa2'], approximation: ['3e0d93ece16c10490435c08b7b755db9a57e53b818a9e62c0000000100000fa3', 'b632241f25a98c9320097079669e1acd10afd534e67ec2600000000100000fa2', '90a25e1efdafffab6369490140eecabb90ab0649108feeff0000000100000cd4', 'bf8735875031f53ccd50e48e6674d9ac64c90f68bb0c7edb0000000100000fa0', '5cdbfe828a4a84a4129bda3cc32bb8376914275561fa6a1a0000000100000da8', 'c5719c769542cb0cde49558784948082703f2da9618c29d80000000100000fb3', '0833e100c47da17ca6a2d202310483ed3c08f75ec2cfbf4a0000000100000c67', '1ff3d753fa4b857385f748c5d02a7371332241a8579211f9000000010000075c', '6f305111c4ab2bb2243ce34889afb4f72dff498303da56890000000100000c1e', '6d1b2eeef26e5ce9672e62a7ca43412c66b86ad0e48d27620000000100000fa0']\n",
            "elapsed_ms": 165779
        },
        "cat_file": {
            "seq": 17,
            "pass": true,
            "error": null,
            "elapsed_ms": 15806
        },
        "generous_file_reader": {
            "seq": 18,
            "pass": false,
            "error": "\nTraceback (most recent call last):\n  File \"/home/baehyunsol/Documents/ragit/tests/tests.py\", line 621, in <module>\n    test()\n  File \"/home/baehyunsol/Documents/ragit/tests/generous_file_reader.py\", line 62, in generous_file_reader\n    assert \"invalid/url.png\" in cargo_run([\"cat-file\", \"invalid-image-url.md\"], stdout=True)\nAssertionError\n",
            "elapsed_ms": 52808
        },
        "images": {
            "seq": 19,
            "pass": true,
            "error": null,
            "elapsed_ms": 4379
        },
        "markdown_reader": {
            "seq": 20,
            "pass": true,
            "error": null,
            "elapsed_ms": 5223
        },
        "csv_reader": {
            "seq": 21,
            "pass": true,
            "error": null,
            "elapsed_ms": 2698
        },
        "real_repos": {
            "seq": 22,
            "pass": false,
            "error": "Command '['cargo', 'run', '--release', '--', 'build']' returned non-zero exit status 1.\nTraceback (most recent call last):\n  File \"/home/baehyunsol/Documents/ragit/tests/tests.py\", line 621, in <module>\n    test()\n  File \"/home/baehyunsol/Documents/ragit/tests/real_repos.py\", line 63, in real_repos\n    cargo_run([\"build\"])\n  File \"/home/baehyunsol/Documents/ragit/tests/utils.py\", line 70, in cargo_run\n    result = subprocess.run(args, **kwargs)\n  File \"/usr/lib/python3.10/subprocess.py\", line 526, in run\n    raise CalledProcessError(retcode, process.args,\nsubprocess.CalledProcessError: Command '['cargo', 'run', '--release', '--', 'build']' returned non-zero exit status 1.\n",
            "elapsed_ms": 712447
        },
        "subdir": {
            "seq": 23,
            "pass": true,
            "error": null,
            "elapsed_ms": 9106
        },
        "tfidf": {
            "seq": 24,
            "pass": true,
            "error": null,
            "elapsed_ms": 10417
        },
        "merge": {
            "seq": 25,
            "pass": true,
            "error": null,
            "elapsed_ms": 14409
        },
        "external_bases": {
            "seq": 26,
            "pass": true,
            "error": null,
            "elapsed_ms": 83633
        },
        "end_to_end dummy": {
            "seq": 27,
            "pass": false,
            "error": "Command '['cargo', 'run', '--release', '--', 'meta', '--set', 'git-hash', 'adcf2562496ce6b4c2f17f0a5699f05d686b2dd9']' returned non-zero exit status 1.\nTraceback (most recent call last):\n  File \"/home/baehyunsol/Documents/ragit/tests/tests.py\", line 621, in <module>\n    test()\n  File \"/home/baehyunsol/Documents/ragit/tests/tests.py\", line 560, in <lambda>\n    (\"end_to_end dummy\", lambda: end_to_end(test_model=\"dummy\")),\n  File \"/home/baehyunsol/Documents/ragit/tests/end_to_end.py\", line 133, in end_to_end\n    cargo_run([\"meta\", \"--set\", \"git-hash\", get_commit_hash()])\n  File \"/home/baehyunsol/Documents/ragit/tests/utils.py\", line 70, in cargo_run\n    result = subprocess.run(args, **kwargs)\n  File \"/usr/lib/python3.10/subprocess.py\", line 526, in run\n    raise CalledProcessError(retcode, process.args,\nsubprocess.CalledProcessError: Command '['cargo', 'run', '--release', '--', 'meta', '--set', 'git-hash', 'adcf2562496ce6b4c2f17f0a5699f05d686b2dd9']' returned non-zero exit status 1.\n",
            "elapsed_ms": 41584
        },
        "end_to_end llama3.3-70b": {
            "seq": 28,
            "pass": false,
            "error": "Command '['cargo', 'run', '--release', '--', 'meta', '--set', 'git-hash', 'adcf2562496ce6b4c2f17f0a5699f05d686b2dd9']' returned non-zero exit status 1.\nTraceback (most recent call last):\n  File \"/home/baehyunsol/Documents/ragit/tests/tests.py\", line 621, in <module>\n    test()\n  File \"/home/baehyunsol/Documents/ragit/tests/tests.py\", line 561, in <lambda>\n    (\"end_to_end llama3.3-70b\", lambda: end_to_end(test_model=\"llama3.3-70b\")),\n  File \"/home/baehyunsol/Documents/ragit/tests/end_to_end.py\", line 133, in end_to_end\n    cargo_run([\"meta\", \"--set\", \"git-hash\", get_commit_hash()])\n  File \"/home/baehyunsol/Documents/ragit/tests/utils.py\", line 70, in cargo_run\n    result = subprocess.run(args, **kwargs)\n  File \"/usr/lib/python3.10/subprocess.py\", line 526, in run\n    raise CalledProcessError(retcode, process.args,\nsubprocess.CalledProcessError: Command '['cargo', 'run', '--release', '--', 'meta', '--set', 'git-hash', 'adcf2562496ce6b4c2f17f0a5699f05d686b2dd9']' returned non-zero exit status 1.\n",
            "elapsed_ms": 55447
        },
        "audit llama3.3-70b": {
            "seq": 29,
            "pass": true,
            "error": null,
            "elapsed_ms": 6920
        },
        "logs llama3.3-70b": {
            "seq": 30,
            "pass": true,
            "error": null,
            "elapsed_ms": 4314
        },
        "prompts dummy": {
            "seq": 31,
            "pass": true,
            "error": null,
            "elapsed_ms": 4567
        },
        "prompts gpt-4o-mini": {
            "seq": 32,
            "pass": true,
            "error": null,
            "elapsed_ms": 48355
        },
        "prompts claude-3.5-sonnet": {
            "seq": 33,
            "pass": true,
            "error": null,
            "elapsed_ms": 62698
        },
        "empty dummy": {
            "seq": 34,
            "pass": true,
            "error": null,
            "elapsed_ms": 2816
        },
        "empty llama3.3-70b": {
            "seq": 35,
            "pass": true,
            "error": null,
            "elapsed_ms": 4309
        },
        "server_chat llama3.3-70b": {
            "seq": 36,
            "pass": true,
            "error": null,
            "elapsed_ms": 25405
        },
        "images2 gpt-4o-mini": {
            "seq": 37,
            "pass": true,
            "error": null,
            "elapsed_ms": 11348
        },
        "images3 gpt-4o-mini": {
            "seq": 38,
            "pass": true,
            "error": null,
            "elapsed_ms": 9759
        },
        "pdl gpt-4o-mini": {
            "seq": 39,
            "pass": true,
            "error": null,
            "elapsed_ms": 15542
        },
        "pdf gpt-4o-mini": {
            "seq": 40,
            "pass": true,
            "error": null,
            "elapsed_ms": 191006
        },
        "svg gpt-4o-mini": {
            "seq": 41,
            "pass": false,
            "error": "\nTraceback (most recent call last):\n  File \"/home/baehyunsol/Documents/ragit/tests/tests.py\", line 621, in <module>\n    test()\n  File \"/home/baehyunsol/Documents/ragit/tests/tests.py\", line 574, in <lambda>\n    (\"svg gpt-4o-mini\", lambda: svg(test_model=\"gpt-4o-mini\")),\n  File \"/home/baehyunsol/Documents/ragit/tests/svg.py\", line 123, in svg\n    assert \"ragit\" in cargo_run([\"pdl\", \"test1.pdl\"], stdout=True).lower()\nAssertionError\n",
            "elapsed_ms": 8175
        },
        "web_images gpt-4o-mini": {
            "seq": 42,
            "pass": true,
            "error": null,
            "elapsed_ms": 52852
        },
        "images2 claude-3.5-sonnet": {
            "seq": 43,
            "pass": true,
            "error": null,
            "elapsed_ms": 9449
        },
        "extract_keywords dummy": {
            "seq": 44,
            "pass": true,
            "error": null,
            "elapsed_ms": 1629
        },
        "extract_keywords gpt-4o-mini": {
            "seq": 45,
            "pass": true,
            "error": null,
            "elapsed_ms": 12119
        },
        "orphan_process llama3.3-70b": {
            "seq": 46,
            "pass": true,
            "error": null,
            "elapsed_ms": 102281
        },
        "write_lock llama3.3-70b": {
            "seq": 47,
            "pass": true,
            "error": null,
            "elapsed_ms": 89830
        },
        "ragit_api command-r": {
            "seq": 48,
            "pass": false,
            "error": "Command '['cargo', 'run', '--release', '--', '--model', 'command-r', '--input', 'hello_world.pdl']' returned non-zero exit status 101.\nTraceback (most recent call last):\n  File \"/home/baehyunsol/Documents/ragit/tests/tests.py\", line 621, in <module>\n    test()\n  File \"/home/baehyunsol/Documents/ragit/tests/tests.py\", line 584, in <lambda>\n    (\"ragit_api command-r\", lambda: ragit_api(test_model=\"command-r\")),\n  File \"/home/baehyunsol/Documents/ragit/tests/ragit_api.py\", line 11, in ragit_api\n    subprocess.run([\"cargo\", \"run\", \"--release\", '--', '--model', test_model, '--input', 'hello_world.pdl'], check=True)\n  File \"/usr/lib/python3.10/subprocess.py\", line 526, in run\n    raise CalledProcessError(retcode, process.args,\nsubprocess.CalledProcessError: Command '['cargo', 'run', '--release', '--', '--model', 'command-r', '--input', 'hello_world.pdl']' returned non-zero exit status 101.\n",
            "elapsed_ms": 10
        },
        "query_options llama3.3-70b": {
            "seq": 49,
            "pass": true,
            "error": null,
            "elapsed_ms": 6640
        },
        "query_with_schema llama3.3-70b": {
            "seq": 50,
            "pass": true,
            "error": null,
            "elapsed_ms": 1667
        },
        "models_init": {
            "seq": 51,
            "pass": true,
            "error": null,
            "elapsed_ms": 289
        },
        "test_home_config_override": {
            "seq": 52,
            "pass": true,
            "error": null,
            "elapsed_ms": 136
        },
        "migrate": {
            "seq": 53,
            "pass": true,
            "error": null,
            "elapsed_ms": 148292
        },
        "migrate2": {
            "seq": 54,
            "pass": true,
            "error": null,
            "elapsed_ms": 40399
        },
        "config": {
            "seq": 55,
            "pass": true,
            "error": null,
            "elapsed_ms": 23122
        }
    },
    "result": {
        "total": 56,
        "complete": 56,
        "pass": 44,
        "fail": 12,
        "remaining": 0
    }
}